[29/Mar/2026 11:22:10] "GET / HTTP/1.1" 404 179
[29/Mar/2026 11:22:10,569] - Broken pipe from ('127.0.0.1', 64839)
[29/Mar/2026 11:26:28] "GET /admin HTTP/1.1" 301 0
[29/Mar/2026 11:26:28] "GET /admin/ HTTP/1.1" 200 9857
[29/Mar/2026 11:26:29] "GET /static/admin/css/base.css HTTP/1.1" 404 179
[29/Mar/2026 11:26:29] "GET /static/admin/css/dark_mode.css HTTP/1.1" 404 179
[29/Mar/2026 11:26:29,028] - Broken pipe from ('127.0.0.1', 64750)
[29/Mar/2026 11:26:29] "GET /static/admin/css/nav_sidebar.css HTTP/1.1" 404 179
[29/Mar/2026 11:26:29] "GET /static/admin/css/dashboard.css HTTP/1.1" 404 179
[29/Mar/2026 11:26:29] "GET /static/admin/css/responsive.css HTTP/1.1" 404 179
[29/Mar/2026 11:26:29] "GET /static/admin/js/theme.js HTTP/1.1" 404 179
[29/Mar/2026 11:26:29] "GET /static/admin/css/dashboard.css HTTP/1.1" 404 179
[29/Mar/2026 11:26:29] "GET /static/admin/css/responsive.css HTTP/1.1" 404 179
[29/Mar/2026 11:26:29] "GET /static/admin/css/nav_sidebar.css HTTP/1.1" 404 179
[29/Mar/2026 11:26:29] "GET /static/admin/js/nav_sidebar.js HTTP/1.1" 404 179
[29/Mar/2026 11:26:29] "GET /favicon.ico HTTP/1.1" 404 179
[29/Mar/2026 11:26:44] "OPTIONS /api/auth/me/ HTTP/1.1" 200 0
[29/Mar/2026 11:26:44] "OPTIONS /api/auth/me/ HTTP/1.1" 200 0
[29/Mar/2026 11:26:44] "GET /api/auth/me/ HTTP/1.1" 200 63
[29/Mar/2026 11:26:44] "GET /api/auth/me/ HTTP/1.1" 200 63
[29/Mar/2026 11:48:29] "GET /api/auth/me/ HTTP/1.1" 200 63
[29/Mar/2026 11:48:29] "GET /api/auth/me/ HTTP/1.1" 200 63
[29/Mar/2026 11:48:48] "GET /api/auth/me/ HTTP/1.1" 200 63
[29/Mar/2026 11:48:48] "GET /api/auth/me/ HTTP/1.1" 200 63
[29/Mar/2026 13:51:49] "OPTIONS /api/auth/me/ HTTP/1.1" 200 0
[29/Mar/2026 13:51:49] "OPTIONS /api/auth/me/ HTTP/1.1" 200 0
[29/Mar/2026 13:51:49] "GET /api/auth/me/ HTTP/1.1" 200 63
[29/Mar/2026 13:51:49] "GET /api/auth/me/ HTTP/1.1" 200 63
[29/Mar/2026 13:56:42] "GET /api/auth/me/ HTTP/1.1" 200 63
[29/Mar/2026 13:56:42] "GET /api/auth/me/ HTTP/1.1" 200 63
[29/Mar/2026 13:56:43] "OPTIONS /api/chat/history/ HTTP/1.1" 200 0
[29/Mar/2026 13:56:43] "OPTIONS /api/chat/call-config/ HTTP/1.1" 200 0
[29/Mar/2026 13:56:43] "OPTIONS /api/chat/history/ HTTP/1.1" 200 0
[29/Mar/2026 13:56:43] "OPTIONS /api/chat/call-config/ HTTP/1.1" 200 0
[29/Mar/2026 13:56:43] "GET /api/chat/call-config/ HTTP/1.1" 200 91
[29/Mar/2026 13:56:43] "GET /api/chat/call-config/ HTTP/1.1" 200 91
[29/Mar/2026 13:56:43] "GET /api/chat/history/ HTTP/1.1" 200 36258
[29/Mar/2026 13:56:43] "GET /api/chat/history/ HTTP/1.1" 200 36258
[29/Mar/2026 13:56:43] "GET /media/chat_images/skin.png HTTP/1.1" 404 179
[29/Mar/2026 13:56:43] "GET /media/chat_images/WhatsApp_Image_2026-03-24_at_10.21.41_PM_1.jpeg HTTP/1.1" 404 179
[29/Mar/2026 13:56:43] "GET /media/chat_images/WhatsApp_Image_2026-03-24_at_10.21.50_PM.jpeg HTTP/1.1" 404 179
[29/Mar/2026 13:56:57] "OPTIONS /api/chat/message/ HTTP/1.1" 200 0
[29/Mar/2026 13:56:59] "POST /api/chat/message/ HTTP/1.1" 200 895
[29/Mar/2026 13:57:04] "OPTIONS /api/chat/severity/ HTTP/1.1" 200 0
[29/Mar/2026 13:57:06] "POST /api/chat/severity/ HTTP/1.1" 200 1319
[29/Mar/2026 13:57:16] "POST /api/chat/message/ HTTP/1.1" 200 1262
[29/Mar/2026 13:57:20] "POST /api/chat/severity/ HTTP/1.1" 200 1641
[29/Mar/2026 13:57:36] "POST /api/chat/message/ HTTP/1.1" 200 1225
[29/Mar/2026 13:57:38] "POST /api/chat/severity/ HTTP/1.1" 200 1752
[29/Mar/2026 13:57:54] "POST /api/chat/message/ HTTP/1.1" 200 907
[29/Mar/2026 13:57:58] "POST /api/chat/severity/ HTTP/1.1" 200 1257
[29/Mar/2026 13:58:10] "POST /api/chat/message/ HTTP/1.1" 200 705
[29/Mar/2026 13:58:13] "POST /api/chat/severity/ HTTP/1.1" 200 981
[29/Mar/2026 13:58:47] "POST /api/chat/message/ HTTP/1.1" 200 703
[29/Mar/2026 13:58:51] "POST /api/chat/severity/ HTTP/1.1" 200 981
[29/Mar/2026 13:59:00] "POST /api/chat/message/ HTTP/1.1" 200 1552
[29/Mar/2026 13:59:04] "POST /api/chat/severity/ HTTP/1.1" 200 2117
Exception in thread django-main-thread:
Traceback (most recent call last):
  File "C:\Users\Hp\AppData\Local\Python\pythoncore-3.14-64\Lib\threading.py", line 1082, in _bootstrap_inner
    self._context.run(self.run)
    ~~~~~~~~~~~~~~~~~^^^^^^^^^^
  File "C:\Users\Hp\AppData\Local\Python\pythoncore-3.14-64\Lib\threading.py", line 1024, in run
    self._target(*self._args, **self._kwargs)
    ~~~~~~~~~~~~^^^^^^^^^^^^^^^^^^^^^^^^^^^^^
  File "C:\Users\Hp\chatbot\backend\venv\Lib\site-packages\django\utils\autoreload.py", line 64, in wrapper
    fn(*args, **kwargs)
    ~~^^^^^^^^^^^^^^^^^
  File "C:\Users\Hp\chatbot\backend\venv\Lib\site-packages\django\core\management\commands\runserver.py", line 134, in inner_run
    self.check(display_num_errors=True)
    ~~~~~~~~~~^^^^^^^^^^^^^^^^^^^^^^^^^
  File "C:\Users\Hp\chatbot\backend\venv\Lib\site-packages\django\core\management\base.py", line 486, in check
    all_issues = checks.run_checks(
        app_configs=app_configs,
    ...<2 lines>...
        databases=databases,
    )
  File "C:\Users\Hp\chatbot\backend\venv\Lib\site-packages\django\core\checks\registry.py", line 88, in run_checks
    new_errors = check(app_configs=app_configs, databases=databases)
  File "C:\Users\Hp\chatbot\backend\venv\Lib\site-packages\django\core\checks\urls.py", line 16, in check_url_config
    return check_resolver(resolver)
  File "C:\Users\Hp\chatbot\backend\venv\Lib\site-packages\django\core\checks\urls.py", line 26, in check_resolver
    return check_method()
  File "C:\Users\Hp\chatbot\backend\venv\Lib\site-packages\django\urls\resolvers.py", line 531, in check
    for pattern in self.url_patterns:
                   ^^^^^^^^^^^^^^^^^
  File "C:\Users\Hp\chatbot\backend\venv\Lib\site-packages\django\utils\functional.py", line 47, in __get__
    res = instance.__dict__[self.name] = self.func(instance)
                                         ~~~~~~~~~^^^^^^^^^^
  File "C:\Users\Hp\chatbot\backend\venv\Lib\site-packages\django\urls\resolvers.py", line 718, in url_patterns
    patterns = getattr(self.urlconf_module, "urlpatterns", self.urlconf_module)
                       ^^^^^^^^^^^^^^^^^^^
  File "C:\Users\Hp\chatbot\backend\venv\Lib\site-packages\django\utils\functional.py", line 47, in __get__
    res = instance.__dict__[self.name] = self.func(instance)
                                         ~~~~~~~~~^^^^^^^^^^
  File "C:\Users\Hp\chatbot\backend\venv\Lib\site-packages\django\urls\resolvers.py", line 711, in urlconf_module
    return import_module(self.urlconf_name)
  File "C:\Users\Hp\AppData\Local\Python\pythoncore-3.14-64\Lib\importlib\__init__.py", line 88, in import_module
    return _bootstrap._gcd_import(name[level:], package, level)
           ~~~~~~~~~~~~~~~~~~~~~~^^^^^^^^^^^^^^^^^^^^^^^^^^^^^^
  File "<frozen importlib._bootstrap>", line 1398, in _gcd_import
  File "<frozen importlib._bootstrap>", line 1371, in _find_and_load
  File "<frozen importlib._bootstrap>", line 1342, in _find_and_load_unlocked
  File "<frozen importlib._bootstrap>", line 938, in _load_unlocked
  File "<frozen importlib._bootstrap_external>", line 759, in exec_module
  File "<frozen importlib._bootstrap>", line 491, in _call_with_frames_removed
  File "C:\Users\Hp\chatbot\backend\config\urls.py", line 9, in <module>
    path("api/chat/", include("apps.chatbot.urls")),
                      ~~~~~~~^^^^^^^^^^^^^^^^^^^^^
  File "C:\Users\Hp\chatbot\backend\venv\Lib\site-packages\django\urls\conf.py", line 39, in include
    urlconf_module = import_module(urlconf_module)
  File "C:\Users\Hp\AppData\Local\Python\pythoncore-3.14-64\Lib\importlib\__init__.py", line 88, in import_module
    return _bootstrap._gcd_import(name[level:], package, level)
           ~~~~~~~~~~~~~~~~~~~~~~^^^^^^^^^^^^^^^^^^^^^^^^^^^^^^
  File "<frozen importlib._bootstrap>", line 1398, in _gcd_import
  File "<frozen importlib._bootstrap>", line 1371, in _find_and_load
  File "<frozen importlib._bootstrap>", line 1342, in _find_and_load_unlocked
  File "<frozen importlib._bootstrap>", line 938, in _load_unlocked
  File "<frozen importlib._bootstrap_external>", line 759, in exec_module
  File "<frozen importlib._bootstrap>", line 491, in _call_with_frames_removed
  File "C:\Users\Hp\chatbot\backend\apps\chatbot\urls.py", line 3, in <module>
    from .views import (
    ...<14 lines>...
    )
  File "C:\Users\Hp\chatbot\backend\apps\chatbot\views.py", line 25, in <module>
    from .services import (
    ...<16 lines>...
    )
  File "C:\Users\Hp\chatbot\backend\apps\chatbot\services.py", line 340
    \"keywords\": [
     ^
SyntaxError: unexpected character after line continuation character
Exception in thread django-main-thread:
Traceback (most recent call last):
  File "C:\Users\Hp\AppData\Local\Python\pythoncore-3.14-64\Lib\threading.py", line 1082, in _bootstrap_inner
    self._context.run(self.run)
    ~~~~~~~~~~~~~~~~~^^^^^^^^^^
  File "C:\Users\Hp\AppData\Local\Python\pythoncore-3.14-64\Lib\threading.py", line 1024, in run
    self._target(*self._args, **self._kwargs)
    ~~~~~~~~~~~~^^^^^^^^^^^^^^^^^^^^^^^^^^^^^
  File "C:\Users\Hp\chatbot\backend\venv\Lib\site-packages\django\utils\autoreload.py", line 64, in wrapper
    fn(*args, **kwargs)
    ~~^^^^^^^^^^^^^^^^^
  File "C:\Users\Hp\chatbot\backend\venv\Lib\site-packages\django\core\management\commands\runserver.py", line 134, in inner_run
    self.check(display_num_errors=True)
    ~~~~~~~~~~^^^^^^^^^^^^^^^^^^^^^^^^^
  File "C:\Users\Hp\chatbot\backend\venv\Lib\site-packages\django\core\management\base.py", line 486, in check
    all_issues = checks.run_checks(
        app_configs=app_configs,
    ...<2 lines>...
        databases=databases,
    )
  File "C:\Users\Hp\chatbot\backend\venv\Lib\site-packages\django\core\checks\registry.py", line 88, in run_checks
    new_errors = check(app_configs=app_configs, databases=databases)
  File "C:\Users\Hp\chatbot\backend\venv\Lib\site-packages\django\core\checks\urls.py", line 16, in check_url_config
    return check_resolver(resolver)
  File "C:\Users\Hp\chatbot\backend\venv\Lib\site-packages\django\core\checks\urls.py", line 26, in check_resolver
    return check_method()
  File "C:\Users\Hp\chatbot\backend\venv\Lib\site-packages\django\urls\resolvers.py", line 531, in check
    for pattern in self.url_patterns:
                   ^^^^^^^^^^^^^^^^^
  File "C:\Users\Hp\chatbot\backend\venv\Lib\site-packages\django\utils\functional.py", line 47, in __get__
    res = instance.__dict__[self.name] = self.func(instance)
                                         ~~~~~~~~~^^^^^^^^^^
  File "C:\Users\Hp\chatbot\backend\venv\Lib\site-packages\django\urls\resolvers.py", line 718, in url_patterns
    patterns = getattr(self.urlconf_module, "urlpatterns", self.urlconf_module)
                       ^^^^^^^^^^^^^^^^^^^
  File "C:\Users\Hp\chatbot\backend\venv\Lib\site-packages\django\utils\functional.py", line 47, in __get__
    res = instance.__dict__[self.name] = self.func(instance)
                                         ~~~~~~~~~^^^^^^^^^^
  File "C:\Users\Hp\chatbot\backend\venv\Lib\site-packages\django\urls\resolvers.py", line 711, in urlconf_module
    return import_module(self.urlconf_name)
  File "C:\Users\Hp\AppData\Local\Python\pythoncore-3.14-64\Lib\importlib\__init__.py", line 88, in import_module
    return _bootstrap._gcd_import(name[level:], package, level)
           ~~~~~~~~~~~~~~~~~~~~~~^^^^^^^^^^^^^^^^^^^^^^^^^^^^^^
  File "<frozen importlib._bootstrap>", line 1398, in _gcd_import
  File "<frozen importlib._bootstrap>", line 1371, in _find_and_load
  File "<frozen importlib._bootstrap>", line 1342, in _find_and_load_unlocked
  File "<frozen importlib._bootstrap>", line 938, in _load_unlocked
  File "<frozen importlib._bootstrap_external>", line 759, in exec_module
  File "<frozen importlib._bootstrap>", line 491, in _call_with_frames_removed
  File "C:\Users\Hp\chatbot\backend\config\urls.py", line 9, in <module>
    path("api/chat/", include("apps.chatbot.urls")),
                      ~~~~~~~^^^^^^^^^^^^^^^^^^^^^
  File "C:\Users\Hp\chatbot\backend\venv\Lib\site-packages\django\urls\conf.py", line 39, in include
    urlconf_module = import_module(urlconf_module)
  File "C:\Users\Hp\AppData\Local\Python\pythoncore-3.14-64\Lib\importlib\__init__.py", line 88, in import_module
    return _bootstrap._gcd_import(name[level:], package, level)
           ~~~~~~~~~~~~~~~~~~~~~~^^^^^^^^^^^^^^^^^^^^^^^^^^^^^^
  File "<frozen importlib._bootstrap>", line 1398, in _gcd_import
  File "<frozen importlib._bootstrap>", line 1371, in _find_and_load
  File "<frozen importlib._bootstrap>", line 1342, in _find_and_load_unlocked
  File "<frozen importlib._bootstrap>", line 938, in _load_unlocked
  File "<frozen importlib._bootstrap_external>", line 759, in exec_module
  File "<frozen importlib._bootstrap>", line 491, in _call_with_frames_removed
  File "C:\Users\Hp\chatbot\backend\apps\chatbot\urls.py", line 3, in <module>
    from .views import (
    ...<14 lines>...
    )
  File "C:\Users\Hp\chatbot\backend\apps\chatbot\views.py", line 96
    image = serializer.validated_data.get("image")\r\n\r\n        lang = _resolve_lang(serializer.validated_data.get("lang"))\r\n        analysis_message = _translate_if_needed_to_english(message, lang)
                                                   ^
SyntaxError: unexpected character after line continuation character
[29/Mar/2026 14:29:36] "GET /api/auth/me/ HTTP/1.1" 200 63
[29/Mar/2026 14:29:36] "GET /api/auth/me/ HTTP/1.1" 200 63
[29/Mar/2026 14:29:37] "GET /api/chat/history/ HTTP/1.1" 200 36248
[29/Mar/2026 14:29:37] "GET /api/chat/call-config/ HTTP/1.1" 200 91
[29/Mar/2026 14:29:37] "GET /api/chat/history/ HTTP/1.1" 200 36248
[29/Mar/2026 14:29:37] "GET /api/chat/call-config/ HTTP/1.1" 200 91
[29/Mar/2026 14:29:37] "GET /media/chat_images/skin.png HTTP/1.1" 404 179
[29/Mar/2026 14:29:37] "GET /media/chat_images/WhatsApp_Image_2026-03-24_at_10.21.50_PM.jpeg HTTP/1.1" 404 179
[29/Mar/2026 14:29:37] "GET /media/chat_images/WhatsApp_Image_2026-03-24_at_10.21.41_PM_1.jpeg HTTP/1.1" 404 179
[29/Mar/2026 14:37:14] "GET /api/chat/call-config/ HTTP/1.1" 200 91
[29/Mar/2026 14:37:14] "GET /api/chat/history/ HTTP/1.1" 200 36248
[29/Mar/2026 14:37:35] "GET /api/chat/call-config/ HTTP/1.1" 200 91
[29/Mar/2026 14:37:35] "GET /api/chat/history/ HTTP/1.1" 200 36248
[29/Mar/2026 14:38:16] "GET /api/chat/history/ HTTP/1.1" 200 36248
[29/Mar/2026 14:38:16] "GET /api/chat/call-config/ HTTP/1.1" 200 91
[29/Mar/2026 14:42:04] "GET /api/chat/call-config/ HTTP/1.1" 200 91
[29/Mar/2026 14:42:04] "GET /api/chat/history/ HTTP/1.1" 200 36248
[29/Mar/2026 14:42:04] "GET /api/chat/call-config/ HTTP/1.1" 200 91
[29/Mar/2026 14:42:04] "GET /api/chat/history/ HTTP/1.1" 200 36248
[29/Mar/2026 14:42:04] "GET /media/chat_images/skin.png HTTP/1.1" 404 179
[29/Mar/2026 14:42:04] "GET /media/chat_images/WhatsApp_Image_2026-03-24_at_10.21.41_PM_1.jpeg HTTP/1.1" 404 179
[29/Mar/2026 14:42:04] "GET /media/chat_images/WhatsApp_Image_2026-03-24_at_10.21.50_PM.jpeg HTTP/1.1" 404 179
[29/Mar/2026 14:49:20] "POST /api/chat/message/ HTTP/1.1" 200 763
[29/Mar/2026 14:49:24] "POST /api/chat/severity/ HTTP/1.1" 200 1021
[29/Mar/2026 14:50:59] "POST /api/chat/message/ HTTP/1.1" 200 756
[29/Mar/2026 14:51:04] "POST /api/chat/severity/ HTTP/1.1" 200 1021
Exception in thread django-main-thread:
Traceback (most recent call last):
  File "C:\Users\Hp\AppData\Local\Python\pythoncore-3.14-64\Lib\threading.py", line 1082, in _bootstrap_inner
    self._context.run(self.run)
    ~~~~~~~~~~~~~~~~~^^^^^^^^^^
  File "C:\Users\Hp\AppData\Local\Python\pythoncore-3.14-64\Lib\threading.py", line 1024, in run
    self._target(*self._args, **self._kwargs)
    ~~~~~~~~~~~~^^^^^^^^^^^^^^^^^^^^^^^^^^^^^
  File "C:\Users\Hp\chatbot\backend\venv\Lib\site-packages\django\utils\autoreload.py", line 64, in wrapper
    fn(*args, **kwargs)
    ~~^^^^^^^^^^^^^^^^^
  File "C:\Users\Hp\chatbot\backend\venv\Lib\site-packages\django\core\management\commands\runserver.py", line 134, in inner_run
    self.check(display_num_errors=True)
    ~~~~~~~~~~^^^^^^^^^^^^^^^^^^^^^^^^^
  File "C:\Users\Hp\chatbot\backend\venv\Lib\site-packages\django\core\management\base.py", line 486, in check
    all_issues = checks.run_checks(
        app_configs=app_configs,
    ...<2 lines>...
        databases=databases,
    )
  File "C:\Users\Hp\chatbot\backend\venv\Lib\site-packages\django\core\checks\registry.py", line 88, in run_checks
    new_errors = check(app_configs=app_configs, databases=databases)
  File "C:\Users\Hp\chatbot\backend\venv\Lib\site-packages\django\core\checks\urls.py", line 16, in check_url_config
    return check_resolver(resolver)
  File "C:\Users\Hp\chatbot\backend\venv\Lib\site-packages\django\core\checks\urls.py", line 26, in check_resolver
    return check_method()
  File "C:\Users\Hp\chatbot\backend\venv\Lib\site-packages\django\urls\resolvers.py", line 531, in check
    for pattern in self.url_patterns:
                   ^^^^^^^^^^^^^^^^^
  File "C:\Users\Hp\chatbot\backend\venv\Lib\site-packages\django\utils\functional.py", line 47, in __get__
    res = instance.__dict__[self.name] = self.func(instance)
                                         ~~~~~~~~~^^^^^^^^^^
  File "C:\Users\Hp\chatbot\backend\venv\Lib\site-packages\django\urls\resolvers.py", line 718, in url_patterns
    patterns = getattr(self.urlconf_module, "urlpatterns", self.urlconf_module)
                       ^^^^^^^^^^^^^^^^^^^
  File "C:\Users\Hp\chatbot\backend\venv\Lib\site-packages\django\utils\functional.py", line 47, in __get__
    res = instance.__dict__[self.name] = self.func(instance)
                                         ~~~~~~~~~^^^^^^^^^^
  File "C:\Users\Hp\chatbot\backend\venv\Lib\site-packages\django\urls\resolvers.py", line 711, in urlconf_module
    return import_module(self.urlconf_name)
  File "C:\Users\Hp\AppData\Local\Python\pythoncore-3.14-64\Lib\importlib\__init__.py", line 88, in import_module
    return _bootstrap._gcd_import(name[level:], package, level)
           ~~~~~~~~~~~~~~~~~~~~~~^^^^^^^^^^^^^^^^^^^^^^^^^^^^^^
  File "<frozen importlib._bootstrap>", line 1398, in _gcd_import
  File "<frozen importlib._bootstrap>", line 1371, in _find_and_load
  File "<frozen importlib._bootstrap>", line 1342, in _find_and_load_unlocked
  File "<frozen importlib._bootstrap>", line 938, in _load_unlocked
  File "<frozen importlib._bootstrap_external>", line 759, in exec_module
  File "<frozen importlib._bootstrap>", line 491, in _call_with_frames_removed
  File "C:\Users\Hp\chatbot\backend\config\urls.py", line 9, in <module>
    path("api/chat/", include("apps.chatbot.urls")),
                      ~~~~~~~^^^^^^^^^^^^^^^^^^^^^
  File "C:\Users\Hp\chatbot\backend\venv\Lib\site-packages\django\urls\conf.py", line 39, in include
    urlconf_module = import_module(urlconf_module)
  File "C:\Users\Hp\AppData\Local\Python\pythoncore-3.14-64\Lib\importlib\__init__.py", line 88, in import_module
    return _bootstrap._gcd_import(name[level:], package, level)
           ~~~~~~~~~~~~~~~~~~~~~~^^^^^^^^^^^^^^^^^^^^^^^^^^^^^^
  File "<frozen importlib._bootstrap>", line 1398, in _gcd_import
  File "<frozen importlib._bootstrap>", line 1371, in _find_and_load
  File "<frozen importlib._bootstrap>", line 1342, in _find_and_load_unlocked
  File "<frozen importlib._bootstrap>", line 938, in _load_unlocked
  File "<frozen importlib._bootstrap_external>", line 759, in exec_module
  File "<frozen importlib._bootstrap>", line 491, in _call_with_frames_removed
  File "C:\Users\Hp\chatbot\backend\apps\chatbot\urls.py", line 3, in <module>
    from .views import (
    ...<14 lines>...
    )
  File "C:\Users\Hp\chatbot\backend\apps\chatbot\views.py", line 26, in <module>
    from .services import (
    ...<17 lines>...
    )
  File "C:\Users\Hp\chatbot\backend\apps\chatbot\services.py", line 23
    This improves predictions even when the external translation API is unavailable.
IndentationError: unexpected indent
Exception in thread django-main-thread:
Traceback (most recent call last):
  File "C:\Users\Hp\AppData\Local\Python\pythoncore-3.14-64\Lib\threading.py", line 1082, in _bootstrap_inner
    self._context.run(self.run)
    ~~~~~~~~~~~~~~~~~^^^^^^^^^^
  File "C:\Users\Hp\AppData\Local\Python\pythoncore-3.14-64\Lib\threading.py", line 1024, in run
    self._target(*self._args, **self._kwargs)
    ~~~~~~~~~~~~^^^^^^^^^^^^^^^^^^^^^^^^^^^^^
  File "C:\Users\Hp\chatbot\backend\venv\Lib\site-packages\django\utils\autoreload.py", line 64, in wrapper
    fn(*args, **kwargs)
    ~~^^^^^^^^^^^^^^^^^
  File "C:\Users\Hp\chatbot\backend\venv\Lib\site-packages\django\core\management\commands\runserver.py", line 134, in inner_run
    self.check(display_num_errors=True)
    ~~~~~~~~~~^^^^^^^^^^^^^^^^^^^^^^^^^
  File "C:\Users\Hp\chatbot\backend\venv\Lib\site-packages\django\core\management\base.py", line 486, in check
    all_issues = checks.run_checks(
        app_configs=app_configs,
    ...<2 lines>...
        databases=databases,
    )
  File "C:\Users\Hp\chatbot\backend\venv\Lib\site-packages\django\core\checks\registry.py", line 88, in run_checks
    new_errors = check(app_configs=app_configs, databases=databases)
  File "C:\Users\Hp\chatbot\backend\venv\Lib\site-packages\django\core\checks\urls.py", line 16, in check_url_config
    return check_resolver(resolver)
  File "C:\Users\Hp\chatbot\backend\venv\Lib\site-packages\django\core\checks\urls.py", line 26, in check_resolver
    return check_method()
  File "C:\Users\Hp\chatbot\backend\venv\Lib\site-packages\django\urls\resolvers.py", line 531, in check
    for pattern in self.url_patterns:
                   ^^^^^^^^^^^^^^^^^
  File "C:\Users\Hp\chatbot\backend\venv\Lib\site-packages\django\utils\functional.py", line 47, in __get__
    res = instance.__dict__[self.name] = self.func(instance)
                                         ~~~~~~~~~^^^^^^^^^^
  File "C:\Users\Hp\chatbot\backend\venv\Lib\site-packages\django\urls\resolvers.py", line 718, in url_patterns
    patterns = getattr(self.urlconf_module, "urlpatterns", self.urlconf_module)
                       ^^^^^^^^^^^^^^^^^^^
  File "C:\Users\Hp\chatbot\backend\venv\Lib\site-packages\django\utils\functional.py", line 47, in __get__
    res = instance.__dict__[self.name] = self.func(instance)
                                         ~~~~~~~~~^^^^^^^^^^
  File "C:\Users\Hp\chatbot\backend\venv\Lib\site-packages\django\urls\resolvers.py", line 711, in urlconf_module
    return import_module(self.urlconf_name)
  File "C:\Users\Hp\AppData\Local\Python\pythoncore-3.14-64\Lib\importlib\__init__.py", line 88, in import_module
    return _bootstrap._gcd_import(name[level:], package, level)
           ~~~~~~~~~~~~~~~~~~~~~~^^^^^^^^^^^^^^^^^^^^^^^^^^^^^^
  File "<frozen importlib._bootstrap>", line 1398, in _gcd_import
  File "<frozen importlib._bootstrap>", line 1371, in _find_and_load
  File "<frozen importlib._bootstrap>", line 1342, in _find_and_load_unlocked
  File "<frozen importlib._bootstrap>", line 938, in _load_unlocked
  File "<frozen importlib._bootstrap_external>", line 759, in exec_module
  File "<frozen importlib._bootstrap>", line 491, in _call_with_frames_removed
  File "C:\Users\Hp\chatbot\backend\config\urls.py", line 9, in <module>
    path("api/chat/", include("apps.chatbot.urls")),
                      ~~~~~~~^^^^^^^^^^^^^^^^^^^^^
  File "C:\Users\Hp\chatbot\backend\venv\Lib\site-packages\django\urls\conf.py", line 39, in include
    urlconf_module = import_module(urlconf_module)
  File "C:\Users\Hp\AppData\Local\Python\pythoncore-3.14-64\Lib\importlib\__init__.py", line 88, in import_module
    return _bootstrap._gcd_import(name[level:], package, level)
           ~~~~~~~~~~~~~~~~~~~~~~^^^^^^^^^^^^^^^^^^^^^^^^^^^^^^
  File "<frozen importlib._bootstrap>", line 1398, in _gcd_import
  File "<frozen importlib._bootstrap>", line 1371, in _find_and_load
  File "<frozen importlib._bootstrap>", line 1342, in _find_and_load_unlocked
  File "<frozen importlib._bootstrap>", line 938, in _load_unlocked
  File "<frozen importlib._bootstrap_external>", line 759, in exec_module
  File "<frozen importlib._bootstrap>", line 491, in _call_with_frames_removed
  File "C:\Users\Hp\chatbot\backend\apps\chatbot\urls.py", line 3, in <module>
    from .views import (
    ...<14 lines>...
    )
  File "C:\Users\Hp\chatbot\backend\apps\chatbot\views.py", line 26, in <module>
    from .services import (
    ...<17 lines>...
    )
ImportError: cannot import name 'augment_symptom_message_for_analysis' from 'apps.chatbot.services' (C:\Users\Hp\chatbot\backend\apps\chatbot\services.py)
[29/Mar/2026 14:59:14] "GET /admin/ HTTP/1.1" 200 9857
[29/Mar/2026 14:59:14] "GET /static/admin/css/dark_mode.css HTTP/1.1" 404 179
Exception in thread django-main-thread:
Traceback (most recent call last):
  File "C:\Users\Hp\AppData\Local\Python\pythoncore-3.14-64\Lib\threading.py", line 1082, in _bootstrap_inner
    self._context.run(self.run)
    ~~~~~~~~~~~~~~~~~^^^^^^^^^^
  File "C:\Users\Hp\AppData\Local\Python\pythoncore-3.14-64\Lib\threading.py", line 1024, in run
    self._target(*self._args, **self._kwargs)
    ~~~~~~~~~~~~^^^^^^^^^^^^^^^^^^^^^^^^^^^^^
  File "C:\Users\Hp\chatbot\backend\venv\Lib\site-packages\django\utils\autoreload.py", line 64, in wrapper
    fn(*args, **kwargs)
    ~~^^^^^^^^^^^^^^^^^
  File "C:\Users\Hp\chatbot\backend\venv\Lib\site-packages\django\core\management\commands\runserver.py", line 134, in inner_run
    self.check(display_num_errors=True)
    ~~~~~~~~~~^^^^^^^^^^^^^^^^^^^^^^^^^
  File "C:\Users\Hp\chatbot\backend\venv\Lib\site-packages\django\core\management\base.py", line 486, in check
    all_issues = checks.run_checks(
        app_configs=app_configs,
    ...<2 lines>...
        databases=databases,
    )
  File "C:\Users\Hp\chatbot\backend\venv\Lib\site-packages\django\core\checks\registry.py", line 88, in run_checks
    new_errors = check(app_configs=app_configs, databases=databases)
  File "C:\Users\Hp\chatbot\backend\venv\Lib\site-packages\django\core\checks\urls.py", line 16, in check_url_config
    return check_resolver(resolver)
  File "C:\Users\Hp\chatbot\backend\venv\Lib\site-packages\django\core\checks\urls.py", line 26, in check_resolver
    return check_method()
  File "C:\Users\Hp\chatbot\backend\venv\Lib\site-packages\django\urls\resolvers.py", line 531, in check
    for pattern in self.url_patterns:
                   ^^^^^^^^^^^^^^^^^
  File "C:\Users\Hp\chatbot\backend\venv\Lib\site-packages\django\utils\functional.py", line 47, in __get__
    res = instance.__dict__[self.name] = self.func(instance)
                                         ~~~~~~~~~^^^^^^^^^^
  File "C:\Users\Hp\chatbot\backend\venv\Lib\site-packages\django\urls\resolvers.py", line 718, in url_patterns
    patterns = getattr(self.urlconf_module, "urlpatterns", self.urlconf_module)
                       ^^^^^^^^^^^^^^^^^^^
  File "C:\Users\Hp\chatbot\backend\venv\Lib\site-packages\django\utils\functional.py", line 47, in __get__
    res = instance.__dict__[self.name] = self.func(instance)
                                         ~~~~~~~~~^^^^^^^^^^
  File "C:\Users\Hp\chatbot\backend\venv\Lib\site-packages\django\urls\resolvers.py", line 711, in urlconf_module
    return import_module(self.urlconf_name)
  File "C:\Users\Hp\AppData\Local\Python\pythoncore-3.14-64\Lib\importlib\__init__.py", line 88, in import_module
    return _bootstrap._gcd_import(name[level:], package, level)
           ~~~~~~~~~~~~~~~~~~~~~~^^^^^^^^^^^^^^^^^^^^^^^^^^^^^^
  File "<frozen importlib._bootstrap>", line 1398, in _gcd_import
  File "<frozen importlib._bootstrap>", line 1371, in _find_and_load
  File "<frozen importlib._bootstrap>", line 1342, in _find_and_load_unlocked
  File "<frozen importlib._bootstrap>", line 938, in _load_unlocked
  File "<frozen importlib._bootstrap_external>", line 759, in exec_module
  File "<frozen importlib._bootstrap>", line 491, in _call_with_frames_removed
  File "C:\Users\Hp\chatbot\backend\config\urls.py", line 9, in <module>
    path("api/chat/", include("apps.chatbot.urls")),
                      ~~~~~~~^^^^^^^^^^^^^^^^^^^^^
  File "C:\Users\Hp\chatbot\backend\venv\Lib\site-packages\django\urls\conf.py", line 39, in include
    urlconf_module = import_module(urlconf_module)
  File "C:\Users\Hp\AppData\Local\Python\pythoncore-3.14-64\Lib\importlib\__init__.py", line 88, in import_module
    return _bootstrap._gcd_import(name[level:], package, level)
           ~~~~~~~~~~~~~~~~~~~~~~^^^^^^^^^^^^^^^^^^^^^^^^^^^^^^
  File "<frozen importlib._bootstrap>", line 1398, in _gcd_import
  File "<frozen importlib._bootstrap>", line 1371, in _find_and_load
  File "<frozen importlib._bootstrap>", line 1342, in _find_and_load_unlocked
  File "<frozen importlib._bootstrap>", line 938, in _load_unlocked
  File "<frozen importlib._bootstrap_external>", line 759, in exec_module
  File "<frozen importlib._bootstrap>", line 491, in _call_with_frames_removed
  File "C:\Users\Hp\chatbot\backend\apps\chatbot\urls.py", line 3, in <module>
    from .views import (
    ...<14 lines>...
    )
  File "C:\Users\Hp\chatbot\backend\apps\chatbot\views.py", line 81
    message = str(message or \"\").strip()
                              ^
SyntaxError: unexpected character after line continuation character
[29/Mar/2026 15:03:38] "POST /api/chat/message/ HTTP/1.1" 200 947
[29/Mar/2026 15:03:42] "POST /api/chat/severity/ HTTP/1.1" 200 1297
[29/Mar/2026 15:04:19] "GET /api/auth/me/ HTTP/1.1" 200 63
[29/Mar/2026 15:04:19] "GET /api/auth/me/ HTTP/1.1" 200 63
[29/Mar/2026 15:04:19] "GET /api/chat/history/ HTTP/1.1" 200 36165
[29/Mar/2026 15:04:19] "GET /api/chat/call-config/ HTTP/1.1" 200 91
[29/Mar/2026 15:04:19] "GET /api/chat/call-config/ HTTP/1.1" 200 91
[29/Mar/2026 15:04:19] "GET /api/chat/history/ HTTP/1.1" 200 36165
[29/Mar/2026 15:04:19] "GET /media/chat_images/WhatsApp_Image_2026-03-24_at_10.21.41_PM_1.jpeg HTTP/1.1" 404 179
[29/Mar/2026 15:04:19] "GET /media/chat_images/skin.png HTTP/1.1" 404 179
[29/Mar/2026 15:04:19] "GET /media/chat_images/WhatsApp_Image_2026-03-24_at_10.21.50_PM.jpeg HTTP/1.1" 404 179
[29/Mar/2026 15:04:39] "POST /api/chat/message/ HTTP/1.1" 200 1277
[29/Mar/2026 15:04:43] "POST /api/chat/severity/ HTTP/1.1" 200 1792
[29/Mar/2026 15:09:42] "GET /api/auth/me/ HTTP/1.1" 200 63
[29/Mar/2026 15:09:42] "GET /api/auth/me/ HTTP/1.1" 200 63
[29/Mar/2026 15:09:42] "GET /api/chat/history/ HTTP/1.1" 200 36378
[29/Mar/2026 15:09:42] "GET /api/chat/call-config/ HTTP/1.1" 200 91
[29/Mar/2026 15:09:42] "GET /api/chat/call-config/ HTTP/1.1" 200 91
[29/Mar/2026 15:09:42] "GET /api/chat/history/ HTTP/1.1" 200 36378
[29/Mar/2026 15:09:42] "GET /media/chat_images/skin.png HTTP/1.1" 404 179
[29/Mar/2026 15:09:42] "GET /media/chat_images/WhatsApp_Image_2026-03-24_at_10.21.41_PM_1.jpeg HTTP/1.1" 404 179
[29/Mar/2026 15:09:42] "GET /media/chat_images/WhatsApp_Image_2026-03-24_at_10.21.50_PM.jpeg HTTP/1.1" 404 179
Exception in thread django-main-thread:
Traceback (most recent call last):
  File "C:\Users\Hp\AppData\Local\Python\pythoncore-3.14-64\Lib\threading.py", line 1082, in _bootstrap_inner
    self._context.run(self.run)
    ~~~~~~~~~~~~~~~~~^^^^^^^^^^
  File "C:\Users\Hp\AppData\Local\Python\pythoncore-3.14-64\Lib\threading.py", line 1024, in run
    self._target(*self._args, **self._kwargs)
    ~~~~~~~~~~~~^^^^^^^^^^^^^^^^^^^^^^^^^^^^^
  File "C:\Users\Hp\chatbot\backend\venv\Lib\site-packages\django\utils\autoreload.py", line 64, in wrapper
    fn(*args, **kwargs)
    ~~^^^^^^^^^^^^^^^^^
  File "C:\Users\Hp\chatbot\backend\venv\Lib\site-packages\django\core\management\commands\runserver.py", line 134, in inner_run
    self.check(display_num_errors=True)
    ~~~~~~~~~~^^^^^^^^^^^^^^^^^^^^^^^^^
  File "C:\Users\Hp\chatbot\backend\venv\Lib\site-packages\django\core\management\base.py", line 486, in check
    all_issues = checks.run_checks(
        app_configs=app_configs,
    ...<2 lines>...
        databases=databases,
    )
  File "C:\Users\Hp\chatbot\backend\venv\Lib\site-packages\django\core\checks\registry.py", line 88, in run_checks
    new_errors = check(app_configs=app_configs, databases=databases)
  File "C:\Users\Hp\chatbot\backend\venv\Lib\site-packages\django\core\checks\urls.py", line 16, in check_url_config
    return check_resolver(resolver)
  File "C:\Users\Hp\chatbot\backend\venv\Lib\site-packages\django\core\checks\urls.py", line 26, in check_resolver
    return check_method()
  File "C:\Users\Hp\chatbot\backend\venv\Lib\site-packages\django\urls\resolvers.py", line 531, in check
    for pattern in self.url_patterns:
                   ^^^^^^^^^^^^^^^^^
  File "C:\Users\Hp\chatbot\backend\venv\Lib\site-packages\django\utils\functional.py", line 47, in __get__
    res = instance.__dict__[self.name] = self.func(instance)
                                         ~~~~~~~~~^^^^^^^^^^
  File "C:\Users\Hp\chatbot\backend\venv\Lib\site-packages\django\urls\resolvers.py", line 718, in url_patterns
    patterns = getattr(self.urlconf_module, "urlpatterns", self.urlconf_module)
                       ^^^^^^^^^^^^^^^^^^^
  File "C:\Users\Hp\chatbot\backend\venv\Lib\site-packages\django\utils\functional.py", line 47, in __get__
    res = instance.__dict__[self.name] = self.func(instance)
                                         ~~~~~~~~~^^^^^^^^^^
  File "C:\Users\Hp\chatbot\backend\venv\Lib\site-packages\django\urls\resolvers.py", line 711, in urlconf_module
    return import_module(self.urlconf_name)
  File "C:\Users\Hp\AppData\Local\Python\pythoncore-3.14-64\Lib\importlib\__init__.py", line 88, in import_module
    return _bootstrap._gcd_import(name[level:], package, level)
           ~~~~~~~~~~~~~~~~~~~~~~^^^^^^^^^^^^^^^^^^^^^^^^^^^^^^
  File "<frozen importlib._bootstrap>", line 1398, in _gcd_import
  File "<frozen importlib._bootstrap>", line 1371, in _find_and_load
  File "<frozen importlib._bootstrap>", line 1342, in _find_and_load_unlocked
  File "<frozen importlib._bootstrap>", line 938, in _load_unlocked
  File "<frozen importlib._bootstrap_external>", line 759, in exec_module
  File "<frozen importlib._bootstrap>", line 491, in _call_with_frames_removed
  File "C:\Users\Hp\chatbot\backend\config\urls.py", line 9, in <module>
    path("api/chat/", include("apps.chatbot.urls")),
                      ~~~~~~~^^^^^^^^^^^^^^^^^^^^^
  File "C:\Users\Hp\chatbot\backend\venv\Lib\site-packages\django\urls\conf.py", line 39, in include
    urlconf_module = import_module(urlconf_module)
  File "C:\Users\Hp\AppData\Local\Python\pythoncore-3.14-64\Lib\importlib\__init__.py", line 88, in import_module
    return _bootstrap._gcd_import(name[level:], package, level)
           ~~~~~~~~~~~~~~~~~~~~~~^^^^^^^^^^^^^^^^^^^^^^^^^^^^^^
  File "<frozen importlib._bootstrap>", line 1398, in _gcd_import
  File "<frozen importlib._bootstrap>", line 1371, in _find_and_load
  File "<frozen importlib._bootstrap>", line 1342, in _find_and_load_unlocked
  File "<frozen importlib._bootstrap>", line 938, in _load_unlocked
  File "<frozen importlib._bootstrap_external>", line 759, in exec_module
  File "<frozen importlib._bootstrap>", line 491, in _call_with_frames_removed
  File "C:\Users\Hp\chatbot\backend\apps\chatbot\urls.py", line 3, in <module>
    from .views import (
    ...<14 lines>...
    )
  File "C:\Users\Hp\chatbot\backend\apps\chatbot\views.py", line 26, in <module>
    from .services import (
    ...<16 lines>...
    )
  File "C:\Users\Hp\chatbot\backend\apps\chatbot\services.py", line 1693
    return "
           ^
SyntaxError: unterminated string literal (detected at line 1693)
Exception in thread django-main-thread:
Traceback (most recent call last):
  File "C:\Users\Hp\AppData\Local\Python\pythoncore-3.14-64\Lib\threading.py", line 1082, in _bootstrap_inner
    self._context.run(self.run)
    ~~~~~~~~~~~~~~~~~^^^^^^^^^^
  File "C:\Users\Hp\AppData\Local\Python\pythoncore-3.14-64\Lib\threading.py", line 1024, in run
    self._target(*self._args, **self._kwargs)
    ~~~~~~~~~~~~^^^^^^^^^^^^^^^^^^^^^^^^^^^^^
  File "C:\Users\Hp\chatbot\backend\venv\Lib\site-packages\django\utils\autoreload.py", line 64, in wrapper
    fn(*args, **kwargs)
    ~~^^^^^^^^^^^^^^^^^
  File "C:\Users\Hp\chatbot\backend\venv\Lib\site-packages\django\core\management\commands\runserver.py", line 134, in inner_run
    self.check(display_num_errors=True)
    ~~~~~~~~~~^^^^^^^^^^^^^^^^^^^^^^^^^
  File "C:\Users\Hp\chatbot\backend\venv\Lib\site-packages\django\core\management\base.py", line 486, in check
    all_issues = checks.run_checks(
        app_configs=app_configs,
    ...<2 lines>...
        databases=databases,
    )
  File "C:\Users\Hp\chatbot\backend\venv\Lib\site-packages\django\core\checks\registry.py", line 88, in run_checks
    new_errors = check(app_configs=app_configs, databases=databases)
  File "C:\Users\Hp\chatbot\backend\venv\Lib\site-packages\django\core\checks\urls.py", line 16, in check_url_config
    return check_resolver(resolver)
  File "C:\Users\Hp\chatbot\backend\venv\Lib\site-packages\django\core\checks\urls.py", line 26, in check_resolver
    return check_method()
  File "C:\Users\Hp\chatbot\backend\venv\Lib\site-packages\django\urls\resolvers.py", line 531, in check
    for pattern in self.url_patterns:
                   ^^^^^^^^^^^^^^^^^
  File "C:\Users\Hp\chatbot\backend\venv\Lib\site-packages\django\utils\functional.py", line 47, in __get__
    res = instance.__dict__[self.name] = self.func(instance)
                                         ~~~~~~~~~^^^^^^^^^^
  File "C:\Users\Hp\chatbot\backend\venv\Lib\site-packages\django\urls\resolvers.py", line 718, in url_patterns
    patterns = getattr(self.urlconf_module, "urlpatterns", self.urlconf_module)
                       ^^^^^^^^^^^^^^^^^^^
  File "C:\Users\Hp\chatbot\backend\venv\Lib\site-packages\django\utils\functional.py", line 47, in __get__
    res = instance.__dict__[self.name] = self.func(instance)
                                         ~~~~~~~~~^^^^^^^^^^
  File "C:\Users\Hp\chatbot\backend\venv\Lib\site-packages\django\urls\resolvers.py", line 711, in urlconf_module
    return import_module(self.urlconf_name)
  File "C:\Users\Hp\AppData\Local\Python\pythoncore-3.14-64\Lib\importlib\__init__.py", line 88, in import_module
    return _bootstrap._gcd_import(name[level:], package, level)
           ~~~~~~~~~~~~~~~~~~~~~~^^^^^^^^^^^^^^^^^^^^^^^^^^^^^^
  File "<frozen importlib._bootstrap>", line 1398, in _gcd_import
  File "<frozen importlib._bootstrap>", line 1371, in _find_and_load
  File "<frozen importlib._bootstrap>", line 1342, in _find_and_load_unlocked
  File "<frozen importlib._bootstrap>", line 938, in _load_unlocked
  File "<frozen importlib._bootstrap_external>", line 759, in exec_module
  File "<frozen importlib._bootstrap>", line 491, in _call_with_frames_removed
  File "C:\Users\Hp\chatbot\backend\config\urls.py", line 9, in <module>
    path("api/chat/", include("apps.chatbot.urls")),
                      ~~~~~~~^^^^^^^^^^^^^^^^^^^^^
  File "C:\Users\Hp\chatbot\backend\venv\Lib\site-packages\django\urls\conf.py", line 39, in include
    urlconf_module = import_module(urlconf_module)
  File "C:\Users\Hp\AppData\Local\Python\pythoncore-3.14-64\Lib\importlib\__init__.py", line 88, in import_module
    return _bootstrap._gcd_import(name[level:], package, level)
           ~~~~~~~~~~~~~~~~~~~~~~^^^^^^^^^^^^^^^^^^^^^^^^^^^^^^
  File "<frozen importlib._bootstrap>", line 1398, in _gcd_import
  File "<frozen importlib._bootstrap>", line 1371, in _find_and_load
  File "<frozen importlib._bootstrap>", line 1342, in _find_and_load_unlocked
  File "<frozen importlib._bootstrap>", line 938, in _load_unlocked
  File "<frozen importlib._bootstrap_external>", line 759, in exec_module
  File "<frozen importlib._bootstrap>", line 491, in _call_with_frames_removed
  File "C:\Users\Hp\chatbot\backend\apps\chatbot\urls.py", line 3, in <module>
    from .views import (
    ...<14 lines>...
    )
  File "C:\Users\Hp\chatbot\backend\apps\chatbot\views.py", line 26, in <module>
    from .services import (
    ...<16 lines>...
    )
  File "C:\Users\Hp\chatbot\backend\apps\chatbot\services.py", line 1693
    return "
           ^
SyntaxError: unterminated string literal (detected at line 1693)
Exception in thread django-main-thread:
Traceback (most recent call last):
  File "C:\Users\Hp\AppData\Local\Python\pythoncore-3.14-64\Lib\threading.py", line 1082, in _bootstrap_inner
    self._context.run(self.run)
    ~~~~~~~~~~~~~~~~~^^^^^^^^^^
  File "C:\Users\Hp\AppData\Local\Python\pythoncore-3.14-64\Lib\threading.py", line 1024, in run
    self._target(*self._args, **self._kwargs)
    ~~~~~~~~~~~~^^^^^^^^^^^^^^^^^^^^^^^^^^^^^
  File "C:\Users\Hp\chatbot\backend\venv\Lib\site-packages\django\utils\autoreload.py", line 64, in wrapper
    fn(*args, **kwargs)
    ~~^^^^^^^^^^^^^^^^^
  File "C:\Users\Hp\chatbot\backend\venv\Lib\site-packages\django\core\management\commands\runserver.py", line 134, in inner_run
    self.check(display_num_errors=True)
    ~~~~~~~~~~^^^^^^^^^^^^^^^^^^^^^^^^^
  File "C:\Users\Hp\chatbot\backend\venv\Lib\site-packages\django\core\management\base.py", line 486, in check
    all_issues = checks.run_checks(
        app_configs=app_configs,
    ...<2 lines>...
        databases=databases,
    )
  File "C:\Users\Hp\chatbot\backend\venv\Lib\site-packages\django\core\checks\registry.py", line 88, in run_checks
    new_errors = check(app_configs=app_configs, databases=databases)
  File "C:\Users\Hp\chatbot\backend\venv\Lib\site-packages\django\core\checks\urls.py", line 16, in check_url_config
    return check_resolver(resolver)
  File "C:\Users\Hp\chatbot\backend\venv\Lib\site-packages\django\core\checks\urls.py", line 26, in check_resolver
    return check_method()
  File "C:\Users\Hp\chatbot\backend\venv\Lib\site-packages\django\urls\resolvers.py", line 531, in check
    for pattern in self.url_patterns:
                   ^^^^^^^^^^^^^^^^^
  File "C:\Users\Hp\chatbot\backend\venv\Lib\site-packages\django\utils\functional.py", line 47, in __get__
    res = instance.__dict__[self.name] = self.func(instance)
                                         ~~~~~~~~~^^^^^^^^^^
  File "C:\Users\Hp\chatbot\backend\venv\Lib\site-packages\django\urls\resolvers.py", line 718, in url_patterns
    patterns = getattr(self.urlconf_module, "urlpatterns", self.urlconf_module)
                       ^^^^^^^^^^^^^^^^^^^
  File "C:\Users\Hp\chatbot\backend\venv\Lib\site-packages\django\utils\functional.py", line 47, in __get__
    res = instance.__dict__[self.name] = self.func(instance)
                                         ~~~~~~~~~^^^^^^^^^^
  File "C:\Users\Hp\chatbot\backend\venv\Lib\site-packages\django\urls\resolvers.py", line 711, in urlconf_module
    return import_module(self.urlconf_name)
  File "C:\Users\Hp\AppData\Local\Python\pythoncore-3.14-64\Lib\importlib\__init__.py", line 88, in import_module
    return _bootstrap._gcd_import(name[level:], package, level)
           ~~~~~~~~~~~~~~~~~~~~~~^^^^^^^^^^^^^^^^^^^^^^^^^^^^^^
  File "<frozen importlib._bootstrap>", line 1398, in _gcd_import
  File "<frozen importlib._bootstrap>", line 1371, in _find_and_load
  File "<frozen importlib._bootstrap>", line 1342, in _find_and_load_unlocked
  File "<frozen importlib._bootstrap>", line 938, in _load_unlocked
  File "<frozen importlib._bootstrap_external>", line 759, in exec_module
  File "<frozen importlib._bootstrap>", line 491, in _call_with_frames_removed
  File "C:\Users\Hp\chatbot\backend\config\urls.py", line 9, in <module>
    path("api/chat/", include("apps.chatbot.urls")),
                      ~~~~~~~^^^^^^^^^^^^^^^^^^^^^
  File "C:\Users\Hp\chatbot\backend\venv\Lib\site-packages\django\urls\conf.py", line 39, in include
    urlconf_module = import_module(urlconf_module)
  File "C:\Users\Hp\AppData\Local\Python\pythoncore-3.14-64\Lib\importlib\__init__.py", line 88, in import_module
    return _bootstrap._gcd_import(name[level:], package, level)
           ~~~~~~~~~~~~~~~~~~~~~~^^^^^^^^^^^^^^^^^^^^^^^^^^^^^^
  File "<frozen importlib._bootstrap>", line 1398, in _gcd_import
  File "<frozen importlib._bootstrap>", line 1371, in _find_and_load
  File "<frozen importlib._bootstrap>", line 1342, in _find_and_load_unlocked
  File "<frozen importlib._bootstrap>", line 938, in _load_unlocked
  File "<frozen importlib._bootstrap_external>", line 759, in exec_module
  File "<frozen importlib._bootstrap>", line 491, in _call_with_frames_removed
  File "C:\Users\Hp\chatbot\backend\apps\chatbot\urls.py", line 3, in <module>
    from .views import (
    ...<14 lines>...
    )
  File "C:\Users\Hp\chatbot\backend\apps\chatbot\views.py", line 26, in <module>
    from .services import (
    ...<16 lines>...
    )
  File "C:\Users\Hp\chatbot\backend\apps\chatbot\services.py", line 1693
    return "
           ^
SyntaxError: unterminated string literal (detected at line 1693)
Exception in thread django-main-thread:
Traceback (most recent call last):
  File "C:\Users\Hp\AppData\Local\Python\pythoncore-3.14-64\Lib\threading.py", line 1082, in _bootstrap_inner
    self._context.run(self.run)
    ~~~~~~~~~~~~~~~~~^^^^^^^^^^
  File "C:\Users\Hp\AppData\Local\Python\pythoncore-3.14-64\Lib\threading.py", line 1024, in run
    self._target(*self._args, **self._kwargs)
    ~~~~~~~~~~~~^^^^^^^^^^^^^^^^^^^^^^^^^^^^^
  File "C:\Users\Hp\chatbot\backend\venv\Lib\site-packages\django\utils\autoreload.py", line 64, in wrapper
    fn(*args, **kwargs)
    ~~^^^^^^^^^^^^^^^^^
  File "C:\Users\Hp\chatbot\backend\venv\Lib\site-packages\django\core\management\commands\runserver.py", line 134, in inner_run
    self.check(display_num_errors=True)
    ~~~~~~~~~~^^^^^^^^^^^^^^^^^^^^^^^^^
  File "C:\Users\Hp\chatbot\backend\venv\Lib\site-packages\django\core\management\base.py", line 486, in check
    all_issues = checks.run_checks(
        app_configs=app_configs,
    ...<2 lines>...
        databases=databases,
    )
  File "C:\Users\Hp\chatbot\backend\venv\Lib\site-packages\django\core\checks\registry.py", line 88, in run_checks
    new_errors = check(app_configs=app_configs, databases=databases)
  File "C:\Users\Hp\chatbot\backend\venv\Lib\site-packages\django\core\checks\urls.py", line 16, in check_url_config
    return check_resolver(resolver)
  File "C:\Users\Hp\chatbot\backend\venv\Lib\site-packages\django\core\checks\urls.py", line 26, in check_resolver
    return check_method()
  File "C:\Users\Hp\chatbot\backend\venv\Lib\site-packages\django\urls\resolvers.py", line 531, in check
    for pattern in self.url_patterns:
                   ^^^^^^^^^^^^^^^^^
  File "C:\Users\Hp\chatbot\backend\venv\Lib\site-packages\django\utils\functional.py", line 47, in __get__
    res = instance.__dict__[self.name] = self.func(instance)
                                         ~~~~~~~~~^^^^^^^^^^
  File "C:\Users\Hp\chatbot\backend\venv\Lib\site-packages\django\urls\resolvers.py", line 718, in url_patterns
    patterns = getattr(self.urlconf_module, "urlpatterns", self.urlconf_module)
                       ^^^^^^^^^^^^^^^^^^^
  File "C:\Users\Hp\chatbot\backend\venv\Lib\site-packages\django\utils\functional.py", line 47, in __get__
    res = instance.__dict__[self.name] = self.func(instance)
                                         ~~~~~~~~~^^^^^^^^^^
  File "C:\Users\Hp\chatbot\backend\venv\Lib\site-packages\django\urls\resolvers.py", line 711, in urlconf_module
    return import_module(self.urlconf_name)
  File "C:\Users\Hp\AppData\Local\Python\pythoncore-3.14-64\Lib\importlib\__init__.py", line 88, in import_module
    return _bootstrap._gcd_import(name[level:], package, level)
           ~~~~~~~~~~~~~~~~~~~~~~^^^^^^^^^^^^^^^^^^^^^^^^^^^^^^
  File "<frozen importlib._bootstrap>", line 1398, in _gcd_import
  File "<frozen importlib._bootstrap>", line 1371, in _find_and_load
  File "<frozen importlib._bootstrap>", line 1342, in _find_and_load_unlocked
  File "<frozen importlib._bootstrap>", line 938, in _load_unlocked
  File "<frozen importlib._bootstrap_external>", line 759, in exec_module
  File "<frozen importlib._bootstrap>", line 491, in _call_with_frames_removed
  File "C:\Users\Hp\chatbot\backend\config\urls.py", line 9, in <module>
    path("api/chat/", include("apps.chatbot.urls")),
                      ~~~~~~~^^^^^^^^^^^^^^^^^^^^^
  File "C:\Users\Hp\chatbot\backend\venv\Lib\site-packages\django\urls\conf.py", line 39, in include
    urlconf_module = import_module(urlconf_module)
  File "C:\Users\Hp\AppData\Local\Python\pythoncore-3.14-64\Lib\importlib\__init__.py", line 88, in import_module
    return _bootstrap._gcd_import(name[level:], package, level)
           ~~~~~~~~~~~~~~~~~~~~~~^^^^^^^^^^^^^^^^^^^^^^^^^^^^^^
  File "<frozen importlib._bootstrap>", line 1398, in _gcd_import
  File "<frozen importlib._bootstrap>", line 1371, in _find_and_load
  File "<frozen importlib._bootstrap>", line 1342, in _find_and_load_unlocked
  File "<frozen importlib._bootstrap>", line 938, in _load_unlocked
  File "<frozen importlib._bootstrap_external>", line 759, in exec_module
  File "<frozen importlib._bootstrap>", line 491, in _call_with_frames_removed
  File "C:\Users\Hp\chatbot\backend\apps\chatbot\urls.py", line 3, in <module>
    from .views import (
    ...<14 lines>...
    )
  File "C:\Users\Hp\chatbot\backend\apps\chatbot\views.py", line 26, in <module>
    from .services import (
    ...<16 lines>...
    )
  File "C:\Users\Hp\chatbot\backend\apps\chatbot\services.py", line 1693
    return "
           ^
SyntaxError: unterminated string literal (detected at line 1693)
Exception in thread django-main-thread:
Traceback (most recent call last):
  File "C:\Users\Hp\AppData\Local\Python\pythoncore-3.14-64\Lib\threading.py", line 1082, in _bootstrap_inner
    self._context.run(self.run)
    ~~~~~~~~~~~~~~~~~^^^^^^^^^^
  File "C:\Users\Hp\AppData\Local\Python\pythoncore-3.14-64\Lib\threading.py", line 1024, in run
    self._target(*self._args, **self._kwargs)
    ~~~~~~~~~~~~^^^^^^^^^^^^^^^^^^^^^^^^^^^^^
  File "C:\Users\Hp\chatbot\backend\venv\Lib\site-packages\django\utils\autoreload.py", line 64, in wrapper
    fn(*args, **kwargs)
    ~~^^^^^^^^^^^^^^^^^
  File "C:\Users\Hp\chatbot\backend\venv\Lib\site-packages\django\core\management\commands\runserver.py", line 134, in inner_run
    self.check(display_num_errors=True)
    ~~~~~~~~~~^^^^^^^^^^^^^^^^^^^^^^^^^
  File "C:\Users\Hp\chatbot\backend\venv\Lib\site-packages\django\core\management\base.py", line 486, in check
    all_issues = checks.run_checks(
        app_configs=app_configs,
    ...<2 lines>...
        databases=databases,
    )
  File "C:\Users\Hp\chatbot\backend\venv\Lib\site-packages\django\core\checks\registry.py", line 88, in run_checks
    new_errors = check(app_configs=app_configs, databases=databases)
  File "C:\Users\Hp\chatbot\backend\venv\Lib\site-packages\django\core\checks\urls.py", line 16, in check_url_config
    return check_resolver(resolver)
  File "C:\Users\Hp\chatbot\backend\venv\Lib\site-packages\django\core\checks\urls.py", line 26, in check_resolver
    return check_method()
  File "C:\Users\Hp\chatbot\backend\venv\Lib\site-packages\django\urls\resolvers.py", line 531, in check
    for pattern in self.url_patterns:
                   ^^^^^^^^^^^^^^^^^
  File "C:\Users\Hp\chatbot\backend\venv\Lib\site-packages\django\utils\functional.py", line 47, in __get__
    res = instance.__dict__[self.name] = self.func(instance)
                                         ~~~~~~~~~^^^^^^^^^^
  File "C:\Users\Hp\chatbot\backend\venv\Lib\site-packages\django\urls\resolvers.py", line 718, in url_patterns
    patterns = getattr(self.urlconf_module, "urlpatterns", self.urlconf_module)
                       ^^^^^^^^^^^^^^^^^^^
  File "C:\Users\Hp\chatbot\backend\venv\Lib\site-packages\django\utils\functional.py", line 47, in __get__
    res = instance.__dict__[self.name] = self.func(instance)
                                         ~~~~~~~~~^^^^^^^^^^
  File "C:\Users\Hp\chatbot\backend\venv\Lib\site-packages\django\urls\resolvers.py", line 711, in urlconf_module
    return import_module(self.urlconf_name)
  File "C:\Users\Hp\AppData\Local\Python\pythoncore-3.14-64\Lib\importlib\__init__.py", line 88, in import_module
    return _bootstrap._gcd_import(name[level:], package, level)
           ~~~~~~~~~~~~~~~~~~~~~~^^^^^^^^^^^^^^^^^^^^^^^^^^^^^^
  File "<frozen importlib._bootstrap>", line 1398, in _gcd_import
  File "<frozen importlib._bootstrap>", line 1371, in _find_and_load
  File "<frozen importlib._bootstrap>", line 1342, in _find_and_load_unlocked
  File "<frozen importlib._bootstrap>", line 938, in _load_unlocked
  File "<frozen importlib._bootstrap_external>", line 759, in exec_module
  File "<frozen importlib._bootstrap>", line 491, in _call_with_frames_removed
  File "C:\Users\Hp\chatbot\backend\config\urls.py", line 9, in <module>
    path("api/chat/", include("apps.chatbot.urls")),
                      ~~~~~~~^^^^^^^^^^^^^^^^^^^^^
  File "C:\Users\Hp\chatbot\backend\venv\Lib\site-packages\django\urls\conf.py", line 39, in include
    urlconf_module = import_module(urlconf_module)
  File "C:\Users\Hp\AppData\Local\Python\pythoncore-3.14-64\Lib\importlib\__init__.py", line 88, in import_module
    return _bootstrap._gcd_import(name[level:], package, level)
           ~~~~~~~~~~~~~~~~~~~~~~^^^^^^^^^^^^^^^^^^^^^^^^^^^^^^
  File "<frozen importlib._bootstrap>", line 1398, in _gcd_import
  File "<frozen importlib._bootstrap>", line 1371, in _find_and_load
  File "<frozen importlib._bootstrap>", line 1342, in _find_and_load_unlocked
  File "<frozen importlib._bootstrap>", line 938, in _load_unlocked
  File "<frozen importlib._bootstrap_external>", line 759, in exec_module
  File "<frozen importlib._bootstrap>", line 491, in _call_with_frames_removed
  File "C:\Users\Hp\chatbot\backend\apps\chatbot\urls.py", line 3, in <module>
    from .views import (
    ...<14 lines>...
    )
  File "C:\Users\Hp\chatbot\backend\apps\chatbot\views.py", line 26, in <module>
    from .services import (
    ...<16 lines>...
    )
  File "C:\Users\Hp\chatbot\backend\apps\chatbot\services.py", line 1759
    text = re.sub(r"[
                  ^
SyntaxError: unterminated string literal (detected at line 1759)
[29/Mar/2026 18:35:44] "OPTIONS /api/auth/login/ HTTP/1.1" 200 0
[29/Mar/2026 18:35:45] "POST /api/auth/login/ HTTP/1.1" 400 50
[29/Mar/2026 18:35:49] "POST /api/auth/login/ HTTP/1.1" 400 50
[29/Mar/2026 18:36:04] "POST /api/auth/login/ HTTP/1.1" 400 42
[29/Mar/2026 18:36:06] "POST /api/auth/login/ HTTP/1.1" 400 42
[29/Mar/2026 18:36:12] "POST /api/auth/login/ HTTP/1.1" 400 42
[29/Mar/2026 18:36:21] "POST /api/auth/login/ HTTP/1.1" 400 50
[29/Mar/2026 18:36:26] "POST /api/auth/login/ HTTP/1.1" 400 50
[29/Mar/2026 18:36:38] "GET /admin/ HTTP/1.1" 200 9857
[29/Mar/2026 18:36:42] "GET /admin/accounts/user/ HTTP/1.1" 500 145
[29/Mar/2026 18:36:44] "GET /admin/ HTTP/1.1" 200 9857
[29/Mar/2026 18:37:15] "POST /api/auth/login/ HTTP/1.1" 400 42
[29/Mar/2026 18:37:21] "POST /api/auth/login/ HTTP/1.1" 400 42
[29/Mar/2026 18:37:29] "POST /api/auth/login/ HTTP/1.1" 400 42
[29/Mar/2026 18:37:31] "POST /api/auth/login/ HTTP/1.1" 400 42
[29/Mar/2026 18:39:54] "POST /api/auth/login/ HTTP/1.1" 200 123
[29/Mar/2026 18:39:54] "OPTIONS /api/chat/history/ HTTP/1.1" 200 0
[29/Mar/2026 18:39:54] "OPTIONS /api/chat/call-config/ HTTP/1.1" 200 0
[29/Mar/2026 18:39:54] "OPTIONS /api/chat/history/ HTTP/1.1" 200 0
[29/Mar/2026 18:39:54] "GET /api/chat/history/ HTTP/1.1" 200 36378
[29/Mar/2026 18:39:54] "OPTIONS /api/chat/call-config/ HTTP/1.1" 200 0
[29/Mar/2026 18:39:54] "GET /api/chat/call-config/ HTTP/1.1" 200 91
[29/Mar/2026 18:39:54] "GET /api/chat/call-config/ HTTP/1.1" 200 91
[29/Mar/2026 18:39:54] "GET /api/chat/history/ HTTP/1.1" 200 36378
[29/Mar/2026 18:39:54] "GET /media/chat_images/skin.png HTTP/1.1" 404 179
[29/Mar/2026 18:39:54] "GET /media/chat_images/WhatsApp_Image_2026-03-24_at_10.21.41_PM_1.jpeg HTTP/1.1" 404 179
[29/Mar/2026 18:39:54] "GET /media/chat_images/WhatsApp_Image_2026-03-24_at_10.21.50_PM.jpeg HTTP/1.1" 404 179
[29/Mar/2026 18:40:09] "OPTIONS /api/chat/message/ HTTP/1.1" 200 0
[29/Mar/2026 18:40:12] "POST /api/chat/message/ HTTP/1.1" 200 926
[29/Mar/2026 18:40:15] "OPTIONS /api/chat/severity/ HTTP/1.1" 200 0
[29/Mar/2026 18:40:16] "POST /api/chat/severity/ HTTP/1.1" 200 2093
[29/Mar/2026 18:43:39] "GET /api/chat/history/ HTTP/1.1" 200 36737
[29/Mar/2026 18:43:39] "GET /api/chat/call-config/ HTTP/1.1" 200 91
[29/Mar/2026 18:43:39] "GET /media/chat_images/skin.png HTTP/1.1" 404 179
[29/Mar/2026 18:43:39] "GET /media/chat_images/WhatsApp_Image_2026-03-24_at_10.21.41_PM_1.jpeg HTTP/1.1" 404 179
[29/Mar/2026 18:43:39] "GET /media/chat_images/WhatsApp_Image_2026-03-24_at_10.21.50_PM.jpeg HTTP/1.1" 404 179
[29/Mar/2026 18:46:19] "POST /api/chat/message/ HTTP/1.1" 200 967
[29/Mar/2026 18:46:24] "POST /api/chat/severity/ HTTP/1.1" 200 1974
[29/Mar/2026 18:48:02] "POST /api/chat/message/ HTTP/1.1" 200 752
[29/Mar/2026 18:48:05] "POST /api/chat/severity/ HTTP/1.1" 200 1513
[29/Mar/2026 18:54:46] "POST /api/chat/message/ HTTP/1.1" 200 752
[29/Mar/2026 18:54:51] "POST /api/chat/severity/ HTTP/1.1" 200 819
Exception in thread django-main-thread:
Traceback (most recent call last):
  File "C:\Users\Hp\AppData\Local\Python\pythoncore-3.14-64\Lib\threading.py", line 1082, in _bootstrap_inner
    self._context.run(self.run)
    ~~~~~~~~~~~~~~~~~^^^^^^^^^^
  File "C:\Users\Hp\AppData\Local\Python\pythoncore-3.14-64\Lib\threading.py", line 1024, in run
    self._target(*self._args, **self._kwargs)
    ~~~~~~~~~~~~^^^^^^^^^^^^^^^^^^^^^^^^^^^^^
  File "C:\Users\Hp\chatbot\backend\venv\Lib\site-packages\django\utils\autoreload.py", line 64, in wrapper
    fn(*args, **kwargs)
    ~~^^^^^^^^^^^^^^^^^
  File "C:\Users\Hp\chatbot\backend\venv\Lib\site-packages\django\core\management\commands\runserver.py", line 134, in inner_run
    self.check(display_num_errors=True)
    ~~~~~~~~~~^^^^^^^^^^^^^^^^^^^^^^^^^
  File "C:\Users\Hp\chatbot\backend\venv\Lib\site-packages\django\core\management\base.py", line 486, in check
    all_issues = checks.run_checks(
        app_configs=app_configs,
    ...<2 lines>...
        databases=databases,
    )
  File "C:\Users\Hp\chatbot\backend\venv\Lib\site-packages\django\core\checks\registry.py", line 88, in run_checks
    new_errors = check(app_configs=app_configs, databases=databases)
  File "C:\Users\Hp\chatbot\backend\venv\Lib\site-packages\django\core\checks\urls.py", line 16, in check_url_config
    return check_resolver(resolver)
  File "C:\Users\Hp\chatbot\backend\venv\Lib\site-packages\django\core\checks\urls.py", line 26, in check_resolver
    return check_method()
  File "C:\Users\Hp\chatbot\backend\venv\Lib\site-packages\django\urls\resolvers.py", line 531, in check
    for pattern in self.url_patterns:
                   ^^^^^^^^^^^^^^^^^
  File "C:\Users\Hp\chatbot\backend\venv\Lib\site-packages\django\utils\functional.py", line 47, in __get__
    res = instance.__dict__[self.name] = self.func(instance)
                                         ~~~~~~~~~^^^^^^^^^^
  File "C:\Users\Hp\chatbot\backend\venv\Lib\site-packages\django\urls\resolvers.py", line 718, in url_patterns
    patterns = getattr(self.urlconf_module, "urlpatterns", self.urlconf_module)
                       ^^^^^^^^^^^^^^^^^^^
  File "C:\Users\Hp\chatbot\backend\venv\Lib\site-packages\django\utils\functional.py", line 47, in __get__
    res = instance.__dict__[self.name] = self.func(instance)
                                         ~~~~~~~~~^^^^^^^^^^
  File "C:\Users\Hp\chatbot\backend\venv\Lib\site-packages\django\urls\resolvers.py", line 711, in urlconf_module
    return import_module(self.urlconf_name)
  File "C:\Users\Hp\AppData\Local\Python\pythoncore-3.14-64\Lib\importlib\__init__.py", line 88, in import_module
    return _bootstrap._gcd_import(name[level:], package, level)
           ~~~~~~~~~~~~~~~~~~~~~~^^^^^^^^^^^^^^^^^^^^^^^^^^^^^^
  File "<frozen importlib._bootstrap>", line 1398, in _gcd_import
  File "<frozen importlib._bootstrap>", line 1371, in _find_and_load
  File "<frozen importlib._bootstrap>", line 1342, in _find_and_load_unlocked
  File "<frozen importlib._bootstrap>", line 938, in _load_unlocked
  File "<frozen importlib._bootstrap_external>", line 759, in exec_module
  File "<frozen importlib._bootstrap>", line 491, in _call_with_frames_removed
  File "C:\Users\Hp\chatbot\backend\config\urls.py", line 9, in <module>
    path("api/chat/", include("apps.chatbot.urls")),
                      ~~~~~~~^^^^^^^^^^^^^^^^^^^^^
  File "C:\Users\Hp\chatbot\backend\venv\Lib\site-packages\django\urls\conf.py", line 39, in include
    urlconf_module = import_module(urlconf_module)
  File "C:\Users\Hp\AppData\Local\Python\pythoncore-3.14-64\Lib\importlib\__init__.py", line 88, in import_module
    return _bootstrap._gcd_import(name[level:], package, level)
           ~~~~~~~~~~~~~~~~~~~~~~^^^^^^^^^^^^^^^^^^^^^^^^^^^^^^
  File "<frozen importlib._bootstrap>", line 1398, in _gcd_import
  File "<frozen importlib._bootstrap>", line 1371, in _find_and_load
  File "<frozen importlib._bootstrap>", line 1342, in _find_and_load_unlocked
  File "<frozen importlib._bootstrap>", line 938, in _load_unlocked
  File "<frozen importlib._bootstrap_external>", line 759, in exec_module
  File "<frozen importlib._bootstrap>", line 491, in _call_with_frames_removed
  File "C:\Users\Hp\chatbot\backend\apps\chatbot\urls.py", line 3, in <module>
    from .views import (
    ...<14 lines>...
    )
  File "C:\Users\Hp\chatbot\backend\apps\chatbot\views.py", line 26, in <module>
    from .services import (
    ...<16 lines>...
    )
  File "C:\Users\Hp\chatbot\backend\apps\chatbot\services.py", line 1944
    lines.extend([f"- {loc.get(\"name\", \"\").strip()}" for loc in care_locations if str(loc.get(\"name\", \"\")).strip()])
                                ^
SyntaxError: unexpected character after line continuation character
[29/Mar/2026 19:02:53] "GET /media/chat_images/skin.png HTTP/1.1" 404 179
[29/Mar/2026 19:02:53] "GET /media/chat_images/WhatsApp_Image_2026-03-24_at_10.21.41_PM_1.jpeg HTTP/1.1" 404 179
[29/Mar/2026 19:02:53] "GET /media/chat_images/WhatsApp_Image_2026-03-24_at_10.21.50_PM.jpeg HTTP/1.1" 404 179
[29/Mar/2026 19:02:53] "GET /api/chat/call-config/ HTTP/1.1" 200 91
[29/Mar/2026 19:02:53,871] - Broken pipe from ('127.0.0.1', 63368)
[29/Mar/2026 19:02:53] "GET /api/chat/history/ HTTP/1.1" 200 37010
[29/Mar/2026 19:02:53] "GET /media/chat_images/skin.png HTTP/1.1" 404 179
[29/Mar/2026 19:02:53] "GET /media/chat_images/WhatsApp_Image_2026-03-24_at_10.21.41_PM_1.jpeg HTTP/1.1" 404 179
[29/Mar/2026 19:02:53,916] - Broken pipe from ('127.0.0.1', 56422)
[29/Mar/2026 19:02:53] "GET /media/chat_images/WhatsApp_Image_2026-03-24_at_10.21.50_PM.jpeg HTTP/1.1" 404 179
[29/Mar/2026 19:05:11] "POST /api/chat/message/ HTTP/1.1" 500 145
[29/Mar/2026 19:05:25] "POST /api/chat/message/ HTTP/1.1" 500 145
[29/Mar/2026 19:09:58] "OPTIONS /api/auth/me/ HTTP/1.1" 200 0
[29/Mar/2026 19:09:58] "OPTIONS /api/auth/me/ HTTP/1.1" 200 0
[29/Mar/2026 19:09:58] "GET /api/auth/me/ HTTP/1.1" 200 63
[29/Mar/2026 19:09:58] "GET /api/auth/me/ HTTP/1.1" 200 63
[29/Mar/2026 19:09:58] "GET /api/chat/call-config/ HTTP/1.1" 200 91
[29/Mar/2026 19:09:58] "GET /api/chat/history/ HTTP/1.1" 200 36578
[29/Mar/2026 19:09:58] "GET /api/chat/call-config/ HTTP/1.1" 200 91
[29/Mar/2026 19:09:58] "GET /api/chat/history/ HTTP/1.1" 200 36578
[29/Mar/2026 19:09:58] "GET /media/chat_images/WhatsApp_Image_2026-03-24_at_10.21.41_PM_1.jpeg HTTP/1.1" 404 179
[29/Mar/2026 19:09:58] "GET /media/chat_images/skin.png HTTP/1.1" 404 179
[29/Mar/2026 19:09:58] "GET /media/chat_images/WhatsApp_Image_2026-03-24_at_10.21.50_PM.jpeg HTTP/1.1" 404 179
[29/Mar/2026 19:10:19] "POST /api/chat/message/ HTTP/1.1" 200 1285
[29/Mar/2026 19:10:22] "POST /api/chat/severity/ HTTP/1.1" 200 2270
[29/Mar/2026 19:11:12] "POST /api/chat/message/ HTTP/1.1" 200 970
[29/Mar/2026 19:11:16] "POST /api/chat/severity/ HTTP/1.1" 200 1753
[29/Mar/2026 19:15:33] "GET /api/chat/call-config/ HTTP/1.1" 200 91
[29/Mar/2026 19:15:33] "GET /api/chat/history/ HTTP/1.1" 200 36763
[29/Mar/2026 19:15:33] "GET /media/chat_images/skin.png HTTP/1.1" 404 179
[29/Mar/2026 19:15:33] "GET /media/chat_images/WhatsApp_Image_2026-03-24_at_10.21.41_PM_1.jpeg HTTP/1.1" 404 179
[29/Mar/2026 19:15:33] "GET /media/chat_images/WhatsApp_Image_2026-03-24_at_10.21.50_PM.jpeg HTTP/1.1" 404 179
[29/Mar/2026 19:16:55] "POST /api/chat/message/ HTTP/1.1" 200 970
[29/Mar/2026 19:16:59] "POST /api/chat/severity/ HTTP/1.1" 200 1977
[29/Mar/2026 19:17:12] "POST /api/chat/message/ HTTP/1.1" 200 970
[29/Mar/2026 19:17:15] "POST /api/chat/severity/ HTTP/1.1" 200 1338
[29/Mar/2026 19:17:32] "POST /api/chat/message/ HTTP/1.1" 200 949
[29/Mar/2026 19:17:36] "POST /api/chat/severity/ HTTP/1.1" 200 1290
[29/Mar/2026 19:33:50] "POST /api/chat/message/ HTTP/1.1" 200 772
[29/Mar/2026 19:33:53] "POST /api/chat/severity/ HTTP/1.1" 200 1028
[29/Mar/2026 19:37:05] "OPTIONS /api/chat/image-auto/ HTTP/1.1" 200 0
[29/Mar/2026 19:37:10] "POST /api/chat/image-auto/ HTTP/1.1" 200 608
[29/Mar/2026 19:39:46] "POST /api/chat/image-auto/ HTTP/1.1" 200 616
[29/Mar/2026 19:43:37] "GET /api/chat/call-config/ HTTP/1.1" 200 91
[29/Mar/2026 19:43:37] "GET /api/chat/call-config/ HTTP/1.1" 200 91
[29/Mar/2026 19:43:37] "GET /api/chat/history/ HTTP/1.1" 200 36773
[29/Mar/2026 19:43:37] "GET /api/chat/history/ HTTP/1.1" 200 36773
[29/Mar/2026 19:43:37] "GET /media/chat_images/skin.png HTTP/1.1" 404 179
[29/Mar/2026 19:43:37] "GET /media/chat_images/WhatsApp_Image_2026-03-24_at_10.21.41_PM_1.jpeg HTTP/1.1" 404 179
[29/Mar/2026 19:43:37] "GET /media/chat_images/WhatsApp_Image_2026-03-24_at_10.21.50_PM.jpeg HTTP/1.1" 404 179
[29/Mar/2026 19:43:37,899] - Broken pipe from ('127.0.0.1', 63676)
[29/Mar/2026 19:44:19] "GET /api/chat/call-config/ HTTP/1.1" 200 91
[29/Mar/2026 19:44:19] "GET /api/chat/history/ HTTP/1.1" 200 36773
[29/Mar/2026 19:47:12] "POST /api/chat/image-auto/ HTTP/1.1" 200 616
[01/Apr/2026 14:04:24] "OPTIONS /api/auth/me/ HTTP/1.1" 200 0
[01/Apr/2026 14:04:24] "OPTIONS /api/auth/me/ HTTP/1.1" 200 0
[01/Apr/2026 14:04:24] "GET /api/auth/me/ HTTP/1.1" 200 63
[01/Apr/2026 14:04:24] "GET /api/auth/me/ HTTP/1.1" 200 63
[01/Apr/2026 14:04:24] "OPTIONS /api/chat/call-config/ HTTP/1.1" 200 0
[01/Apr/2026 14:04:24] "OPTIONS /api/chat/history/ HTTP/1.1" 200 0
[01/Apr/2026 14:04:24] "OPTIONS /api/chat/history/ HTTP/1.1" 200 0
[01/Apr/2026 14:04:24] "GET /api/chat/call-config/ HTTP/1.1" 200 91
[01/Apr/2026 14:04:24] "GET /api/chat/history/ HTTP/1.1" 200 36773
[01/Apr/2026 14:04:24] "GET /api/chat/call-config/ HTTP/1.1" 200 91
[01/Apr/2026 14:04:24] "GET /api/chat/history/ HTTP/1.1" 200 36773
[01/Apr/2026 14:04:24] "GET /media/chat_images/skin.png HTTP/1.1" 404 179
[01/Apr/2026 14:04:24] "GET /media/chat_images/WhatsApp_Image_2026-03-24_at_10.21.41_PM_1.jpeg HTTP/1.1" 404 179
[01/Apr/2026 14:04:24] "GET /media/chat_images/WhatsApp_Image_2026-03-24_at_10.21.50_PM.jpeg HTTP/1.1" 404 179
[01/Apr/2026 14:08:53] "OPTIONS /api/chat/message/ HTTP/1.1" 200 0
[01/Apr/2026 14:08:55] "POST /api/chat/message/ HTTP/1.1" 200 772
[01/Apr/2026 14:08:58] "OPTIONS /api/chat/severity/ HTTP/1.1" 200 0
[01/Apr/2026 14:08:59] "POST /api/chat/severity/ HTTP/1.1" 200 1028
[01/Apr/2026 14:21:47] "GET /api/auth/me/ HTTP/1.1" 200 63
[01/Apr/2026 14:21:47] "GET /api/auth/me/ HTTP/1.1" 200 63
[01/Apr/2026 14:21:47] "GET /api/chat/call-config/ HTTP/1.1" 200 91
[01/Apr/2026 14:21:47] "GET /api/chat/history/ HTTP/1.1" 200 36421
[01/Apr/2026 14:21:47] "GET /api/chat/call-config/ HTTP/1.1" 200 91
[01/Apr/2026 14:21:47] "GET /api/chat/history/ HTTP/1.1" 200 36421
[01/Apr/2026 14:21:47] "GET /media/chat_images/skin.png HTTP/1.1" 404 179
[01/Apr/2026 14:21:47] "GET /media/chat_images/WhatsApp_Image_2026-03-24_at_10.21.41_PM_1.jpeg HTTP/1.1" 404 179
[01/Apr/2026 14:21:47] "GET /media/chat_images/WhatsApp_Image_2026-03-24_at_10.21.50_PM.jpeg HTTP/1.1" 404 179
[01/Apr/2026 14:23:27] "GET /api/auth/me/ HTTP/1.1" 200 63
[01/Apr/2026 14:23:27] "GET /api/auth/me/ HTTP/1.1" 200 63
[01/Apr/2026 14:23:27] "GET /api/chat/history/ HTTP/1.1" 200 36421
[01/Apr/2026 14:23:27] "GET /api/chat/call-config/ HTTP/1.1" 200 91
[01/Apr/2026 14:23:27] "GET /api/chat/call-config/ HTTP/1.1" 200 91
[01/Apr/2026 14:23:27] "GET /api/chat/history/ HTTP/1.1" 200 36421
[01/Apr/2026 14:23:27] "GET /media/chat_images/skin.png HTTP/1.1" 404 179
[01/Apr/2026 14:23:27] "GET /media/chat_images/WhatsApp_Image_2026-03-24_at_10.21.41_PM_1.jpeg HTTP/1.1" 404 179
[01/Apr/2026 14:23:27] "GET /media/chat_images/WhatsApp_Image_2026-03-24_at_10.21.50_PM.jpeg HTTP/1.1" 404 179
[01/Apr/2026 14:24:00] "GET /api/auth/me/ HTTP/1.1" 200 63
[01/Apr/2026 14:24:00] "GET /api/auth/me/ HTTP/1.1" 200 63
[01/Apr/2026 14:24:00] "GET /api/chat/history/ HTTP/1.1" 200 36421
[01/Apr/2026 14:24:00] "GET /api/chat/call-config/ HTTP/1.1" 200 91
[01/Apr/2026 14:24:00] "GET /api/chat/call-config/ HTTP/1.1" 200 91
[01/Apr/2026 14:24:00] "GET /api/chat/history/ HTTP/1.1" 200 36421
[01/Apr/2026 14:24:00] "GET /media/chat_images/skin.png HTTP/1.1" 404 179
[01/Apr/2026 14:24:00] "GET /media/chat_images/WhatsApp_Image_2026-03-24_at_10.21.41_PM_1.jpeg HTTP/1.1" 404 179
[01/Apr/2026 14:24:00] "GET /media/chat_images/WhatsApp_Image_2026-03-24_at_10.21.50_PM.jpeg HTTP/1.1" 404 179
[01/Apr/2026 14:29:34] "GET /api/auth/me/ HTTP/1.1" 200 63
[01/Apr/2026 14:29:34] "GET /api/auth/me/ HTTP/1.1" 200 63
[01/Apr/2026 14:29:35] "GET /api/chat/history/ HTTP/1.1" 200 36421
[01/Apr/2026 14:29:35] "GET /api/chat/call-config/ HTTP/1.1" 200 91
[01/Apr/2026 14:29:35] "GET /api/chat/call-config/ HTTP/1.1" 200 91
[01/Apr/2026 14:29:35] "GET /api/chat/history/ HTTP/1.1" 200 36421
[01/Apr/2026 14:29:35] "GET /media/chat_images/skin.png HTTP/1.1" 404 179
[01/Apr/2026 14:29:35] "GET /media/chat_images/WhatsApp_Image_2026-03-24_at_10.21.41_PM_1.jpeg HTTP/1.1" 404 179
[01/Apr/2026 14:29:35] "GET /media/chat_images/WhatsApp_Image_2026-03-24_at_10.21.50_PM.jpeg HTTP/1.1" 404 179
[01/Apr/2026 14:36:59] "GET /api/auth/me/ HTTP/1.1" 200 63
[01/Apr/2026 14:36:59] "GET /api/auth/me/ HTTP/1.1" 200 63
[01/Apr/2026 14:36:59] "GET /api/chat/history/ HTTP/1.1" 200 36421
[01/Apr/2026 14:36:59] "GET /api/chat/call-config/ HTTP/1.1" 200 91
[01/Apr/2026 14:36:59] "GET /api/chat/history/ HTTP/1.1" 200 36421
[01/Apr/2026 14:36:59] "GET /api/chat/call-config/ HTTP/1.1" 200 91
[01/Apr/2026 14:36:59] "GET /media/chat_images/skin.png HTTP/1.1" 404 179
[01/Apr/2026 14:36:59] "GET /media/chat_images/WhatsApp_Image_2026-03-24_at_10.21.50_PM.jpeg HTTP/1.1" 404 179
[01/Apr/2026 14:36:59] "GET /media/chat_images/WhatsApp_Image_2026-03-24_at_10.21.41_PM_1.jpeg HTTP/1.1" 404 179
[01/Apr/2026 14:38:08] "GET /api/auth/me/ HTTP/1.1" 200 63
[01/Apr/2026 14:38:08] "GET /api/auth/me/ HTTP/1.1" 200 63
[01/Apr/2026 14:38:08] "GET /api/chat/history/ HTTP/1.1" 200 36421
[01/Apr/2026 14:38:08] "GET /api/chat/call-config/ HTTP/1.1" 200 91
[01/Apr/2026 14:38:08] "GET /api/chat/call-config/ HTTP/1.1" 200 91
[01/Apr/2026 14:38:08] "GET /api/chat/history/ HTTP/1.1" 200 36421
[01/Apr/2026 14:38:09] "GET /media/chat_images/skin.png HTTP/1.1" 404 179
[01/Apr/2026 14:38:09] "GET /media/chat_images/WhatsApp_Image_2026-03-24_at_10.21.41_PM_1.jpeg HTTP/1.1" 404 179
[01/Apr/2026 14:38:09] "GET /media/chat_images/WhatsApp_Image_2026-03-24_at_10.21.50_PM.jpeg HTTP/1.1" 404 179
[01/Apr/2026 14:39:48] "GET /api/auth/me/ HTTP/1.1" 200 63
[01/Apr/2026 14:39:48] "GET /api/auth/me/ HTTP/1.1" 200 63
[01/Apr/2026 14:39:48] "GET /api/chat/call-config/ HTTP/1.1" 200 91
[01/Apr/2026 14:39:48] "GET /api/chat/history/ HTTP/1.1" 200 36421
[01/Apr/2026 14:39:48] "GET /api/chat/call-config/ HTTP/1.1" 200 91
[01/Apr/2026 14:39:48] "GET /api/chat/history/ HTTP/1.1" 200 36421
[01/Apr/2026 14:39:48] "GET /media/chat_images/skin.png HTTP/1.1" 404 179
[01/Apr/2026 14:39:48] "GET /media/chat_images/WhatsApp_Image_2026-03-24_at_10.21.41_PM_1.jpeg HTTP/1.1" 404 179
[01/Apr/2026 14:39:48] "GET /media/chat_images/WhatsApp_Image_2026-03-24_at_10.21.50_PM.jpeg HTTP/1.1" 404 179
[01/Apr/2026 14:39:48,265] - Broken pipe from ('127.0.0.1', 52049)
[01/Apr/2026 14:41:26] "GET /api/auth/me/ HTTP/1.1" 200 63
[01/Apr/2026 14:41:26] "GET /api/auth/me/ HTTP/1.1" 200 63
[01/Apr/2026 14:41:26] "GET /api/chat/call-config/ HTTP/1.1" 200 91
[01/Apr/2026 14:41:26] "GET /api/chat/history/ HTTP/1.1" 200 36421
[01/Apr/2026 14:41:26] "GET /api/chat/call-config/ HTTP/1.1" 200 91
[01/Apr/2026 14:41:26] "GET /api/chat/history/ HTTP/1.1" 200 36421
[01/Apr/2026 14:41:27] "GET /media/chat_images/skin.png HTTP/1.1" 404 179
[01/Apr/2026 14:41:27] "GET /media/chat_images/WhatsApp_Image_2026-03-24_at_10.21.41_PM_1.jpeg HTTP/1.1" 404 179
[01/Apr/2026 14:41:27] "GET /media/chat_images/WhatsApp_Image_2026-03-24_at_10.21.50_PM.jpeg HTTP/1.1" 404 179
[03/Apr/2026 10:44:19] "OPTIONS /api/auth/me/ HTTP/1.1" 200 0
[03/Apr/2026 10:44:19] "OPTIONS /api/auth/me/ HTTP/1.1" 200 0
[03/Apr/2026 10:44:19] "GET /api/auth/me/ HTTP/1.1" 200 63
[03/Apr/2026 10:44:19] "GET /api/auth/me/ HTTP/1.1" 200 63
[03/Apr/2026 10:44:19] "OPTIONS /api/chat/call-config/ HTTP/1.1" 200 0
[03/Apr/2026 10:44:19] "OPTIONS /api/chat/history/ HTTP/1.1" 200 0
[03/Apr/2026 10:44:19] "GET /api/chat/call-config/ HTTP/1.1" 200 91
[03/Apr/2026 10:44:19] "GET /api/chat/call-config/ HTTP/1.1" 200 91
[03/Apr/2026 10:44:19] "GET /api/chat/history/ HTTP/1.1" 200 36421
[03/Apr/2026 10:44:19] "GET /api/chat/history/ HTTP/1.1" 200 36421
[03/Apr/2026 10:44:19] "GET /media/chat_images/skin.png HTTP/1.1" 404 179
[03/Apr/2026 10:44:20] "GET /media/chat_images/WhatsApp_Image_2026-03-24_at_10.21.41_PM_1.jpeg HTTP/1.1" 404 179
[03/Apr/2026 10:44:20] "GET /media/chat_images/WhatsApp_Image_2026-03-24_at_10.21.50_PM.jpeg HTTP/1.1" 404 179
[03/Apr/2026 10:45:54] "OPTIONS /api/chat/image-auto/ HTTP/1.1" 200 0
[03/Apr/2026 10:45:55] "POST /api/chat/image-auto/ HTTP/1.1" 200 616
[03/Apr/2026 10:46:53] "GET /api/chat/history/ HTTP/1.1" 200 36421
[03/Apr/2026 10:46:53] "GET /api/chat/history/ HTTP/1.1" 200 36421
[03/Apr/2026 10:47:23] "GET /api/chat/call-config/ HTTP/1.1" 200 91
[03/Apr/2026 10:47:23] "GET /api/chat/history/ HTTP/1.1" 200 36421
[03/Apr/2026 10:47:23] "GET /api/chat/call-config/ HTTP/1.1" 200 91
[03/Apr/2026 10:47:23] "GET /api/chat/history/ HTTP/1.1" 200 36421
[03/Apr/2026 10:47:23] "GET /media/chat_images/skin.png HTTP/1.1" 404 179
[03/Apr/2026 10:47:23] "GET /media/chat_images/WhatsApp_Image_2026-03-24_at_10.21.41_PM_1.jpeg HTTP/1.1" 404 179
[03/Apr/2026 10:47:23] "GET /media/chat_images/WhatsApp_Image_2026-03-24_at_10.21.50_PM.jpeg HTTP/1.1" 404 179
[03/Apr/2026 10:47:36] "OPTIONS /api/chat/message/ HTTP/1.1" 200 0
[03/Apr/2026 10:47:38] "POST /api/chat/message/ HTTP/1.1" 200 946
[03/Apr/2026 10:47:44] "OPTIONS /api/chat/severity/ HTTP/1.1" 200 0
[03/Apr/2026 10:47:46] "POST /api/chat/severity/ HTTP/1.1" 200 1933
[03/Apr/2026 10:48:10] "POST /api/chat/message/ HTTP/1.1" 200 946
[03/Apr/2026 10:48:15] "POST /api/chat/severity/ HTTP/1.1" 200 1290
[03/Apr/2026 10:51:13] "POST /api/chat/message/ HTTP/1.1" 200 1297
[03/Apr/2026 10:51:24] "POST /api/chat/severity/ HTTP/1.1" 200 2660
[03/Apr/2026 11:06:18] "GET /api/auth/me/ HTTP/1.1" 200 63
[03/Apr/2026 11:06:18] "GET /api/auth/me/ HTTP/1.1" 200 63
[03/Apr/2026 11:06:18] "GET /api/chat/call-config/ HTTP/1.1" 200 91
[03/Apr/2026 11:06:18] "GET /api/chat/history/ HTTP/1.1" 200 36939
[03/Apr/2026 11:06:18] "GET /api/chat/call-config/ HTTP/1.1" 200 91
[03/Apr/2026 11:06:18] "GET /api/chat/history/ HTTP/1.1" 200 36939
[03/Apr/2026 11:06:18] "GET /media/chat_images/skin.png HTTP/1.1" 404 179
[03/Apr/2026 11:06:18] "GET /media/chat_images/WhatsApp_Image_2026-03-24_at_10.21.41_PM_1.jpeg HTTP/1.1" 404 179
[03/Apr/2026 11:06:18] "GET /media/chat_images/WhatsApp_Image_2026-03-24_at_10.21.50_PM.jpeg HTTP/1.1" 404 179
