Watching for file changes with StatReloader
[20/Apr/2026 16:08:43] "GET / HTTP/1.1" 200 44
[20/Apr/2026 16:08:43,493] - Broken pipe from ('127.0.0.1', 63360)
[20/Apr/2026 16:09:13] "GET / HTTP/1.1" 200 44
[20/Apr/2026 16:09:14] "GET / HTTP/1.1" 200 44
[20/Apr/2026 16:09:20] "GET /admin HTTP/1.1" 301 0
[20/Apr/2026 16:09:20] "GET /admin/ HTTP/1.1" 200 10266
[20/Apr/2026 16:09:20] "GET /static/admin/css/base.css HTTP/1.1" 304 0
[20/Apr/2026 16:09:20] "GET /static/admin/js/theme.js HTTP/1.1" 304 0
[20/Apr/2026 16:09:20] "GET /static/admin/css/dark_mode.css HTTP/1.1" 304 0
[20/Apr/2026 16:09:20] "GET /static/admin/css/nav_sidebar.css HTTP/1.1" 304 0
[20/Apr/2026 16:09:20] "GET /static/admin/css/dashboard.css HTTP/1.1" 304 0
[20/Apr/2026 16:09:20] "GET /static/admin/css/responsive.css HTTP/1.1" 304 0
[20/Apr/2026 16:09:20] "GET /static/admin/js/nav_sidebar.js HTTP/1.1" 304 0
[20/Apr/2026 16:09:20] "GET /static/admin/img/icon-addlink.svg HTTP/1.1" 304 0
[20/Apr/2026 16:09:20] "GET /static/admin/img/icon-changelink.svg HTTP/1.1" 304 0
[20/Apr/2026 16:09:27] "POST /admin/logout/ HTTP/1.1" 200 3548
[20/Apr/2026 16:09:29] "GET /admin/ HTTP/1.1" 302 0
[20/Apr/2026 16:09:29] "GET /admin/login/?next=/admin/ HTTP/1.1" 200 4150
[20/Apr/2026 16:09:30] "GET /static/admin/css/login.css HTTP/1.1" 200 951
[20/Apr/2026 16:20:37] "GET /api/auth/me/ HTTP/1.1" 200 75
[20/Apr/2026 16:20:37] "GET /api/auth/me/ HTTP/1.1" 200 75
[20/Apr/2026 16:20:38] "GET /api/chat/history/ HTTP/1.1" 200 4117
[20/Apr/2026 16:20:38] "GET /api/chat/call-config/ HTTP/1.1" 200 91
[20/Apr/2026 16:20:38] "GET /api/chat/history/ HTTP/1.1" 200 4117
[20/Apr/2026 16:20:38] "GET /api/chat/call-config/ HTTP/1.1" 200 91
[20/Apr/2026 16:20:38] "GET /media/chat_images/amoxicillin_qGhFd7B.png HTTP/1.1" 304 0
[20/Apr/2026 16:22:37] "GET /api/auth/me/ HTTP/1.1" 200 75
[20/Apr/2026 16:22:37] "GET /api/auth/me/ HTTP/1.1" 200 75
[20/Apr/2026 16:22:37] "GET /api/chat/history/ HTTP/1.1" 200 4117
[20/Apr/2026 16:22:37] "GET /api/chat/call-config/ HTTP/1.1" 200 91
[20/Apr/2026 16:22:37] "GET /api/chat/history/ HTTP/1.1" 200 4117
[20/Apr/2026 16:22:37] "GET /api/chat/call-config/ HTTP/1.1" 200 91
[20/Apr/2026 16:24:55] "GET /static/admin/css/ann_d_admin.css HTTP/1.1" 200 2752
[20/Apr/2026 16:24:55] "GET /admin/login/?next=/admin/ HTTP/1.1" 200 3585
[20/Apr/2026 16:24:55,803] - Broken pipe from ('127.0.0.1', 57565)
[20/Apr/2026 16:24:55,920] - Broken pipe from ('127.0.0.1', 57566)
[20/Apr/2026 16:25:20] "GET /admin/login/?next=/admin/ HTTP/1.1" 200 3585
[20/Apr/2026 16:25:20] "GET /static/admin/css/ann_d_admin.css HTTP/1.1" 200 2752
[20/Apr/2026 16:25:38] "POST /admin/login/?next=/admin/ HTTP/1.1" 302 0
[20/Apr/2026 16:25:38] "GET /admin/ HTTP/1.1" 200 10339
[20/Apr/2026 16:25:38] "GET /static/admin/css/ann_d_admin.css HTTP/1.1" 304 0
[20/Apr/2026 16:25:46] "GET /admin/accounts/logoutfeedback/ HTTP/1.1" 200 15134
[20/Apr/2026 16:25:47] "GET /static/admin/css/ann_d_admin.css HTTP/1.1" 304 0
[20/Apr/2026 16:25:47] "GET /static/admin/css/changelists.css HTTP/1.1" 304 0
[20/Apr/2026 16:25:47] "GET /static/admin/js/vendor/jquery/jquery.js HTTP/1.1" 304 0
[20/Apr/2026 16:25:47] "GET /static/admin/js/jquery.init.js HTTP/1.1" 304 0
[20/Apr/2026 16:25:47] "GET /static/admin/js/core.js HTTP/1.1" 304 0
[20/Apr/2026 16:25:47] "GET /static/admin/js/actions.js HTTP/1.1" 304 0
[20/Apr/2026 16:25:47] "GET /static/admin/js/admin/RelatedObjectLookups.js HTTP/1.1" 304 0
[20/Apr/2026 16:25:47] "GET /static/admin/js/urlify.js HTTP/1.1" 304 0
[20/Apr/2026 16:25:47] "GET /static/admin/js/vendor/xregexp/xregexp.js HTTP/1.1" 304 0
[20/Apr/2026 16:25:47] "GET /static/admin/js/prepopulate.js HTTP/1.1" 304 0
[20/Apr/2026 16:25:47] "GET /static/admin/img/search.svg HTTP/1.1" 304 0
[20/Apr/2026 16:25:47] "GET /admin/jsi18n/ HTTP/1.1" 200 3342
[20/Apr/2026 16:25:47] "GET /static/admin/js/filters.js HTTP/1.1" 304 0
[20/Apr/2026 16:25:47] "GET /static/admin/img/tooltag-add.svg HTTP/1.1" 304 0
[20/Apr/2026 16:25:47] "GET /static/admin/img/sorting-icons.svg HTTP/1.1" 200 1097
[20/Apr/2026 16:25:47] "GET /static/admin/img/icon-viewlink.svg HTTP/1.1" 200 581
[20/Apr/2026 16:28:53] "GET /admin/ HTTP/1.1" 200 10339
[20/Apr/2026 16:28:55] "GET /admin/accounts/user/ HTTP/1.1" 200 16335
[20/Apr/2026 16:28:55] "GET /static/admin/css/ann_d_admin.css HTTP/1.1" 304 0
[20/Apr/2026 16:28:55] "GET /static/admin/img/icon-no.svg HTTP/1.1" 304 0
[20/Apr/2026 16:28:55] "GET /static/admin/img/icon-yes.svg HTTP/1.1" 304 0
[20/Apr/2026 16:28:55] "GET /admin/jsi18n/ HTTP/1.1" 200 3342
[20/Apr/2026 16:29:20] "POST /admin/accounts/user/ HTTP/1.1" 200 12830
[20/Apr/2026 16:29:20] "GET /static/admin/js/cancel.js HTTP/1.1" 200 884
[20/Apr/2026 16:29:24] "POST /admin/accounts/user/ HTTP/1.1" 302 0
[20/Apr/2026 16:29:24] "GET /admin/accounts/user/ HTTP/1.1" 200 14101
[20/Apr/2026 16:29:24] "GET /static/admin/css/ann_d_admin.css HTTP/1.1" 304 0
[20/Apr/2026 16:29:24] "GET /admin/jsi18n/ HTTP/1.1" 200 3342
[20/Apr/2026 16:29:37] "POST /admin/accounts/user/ HTTP/1.1" 200 10642
[20/Apr/2026 16:29:40] "POST /admin/accounts/user/ HTTP/1.1" 200 13966
[20/Apr/2026 16:29:40] "GET /admin/jsi18n/ HTTP/1.1" 200 3342
[20/Apr/2026 16:29:43] "POST /admin/logout/ HTTP/1.1" 200 2983
[20/Apr/2026 16:29:46] "GET /admin/ HTTP/1.1" 302 0
[20/Apr/2026 16:29:46] "GET /admin/login/?next=/admin/ HTTP/1.1" 200 3585
C:\Users\Hp\chatbot\backend\apps\accounts\serializers.py changed, reloading.
Watching for file changes with StatReloader
[20/Apr/2026 16:46:13] "OPTIONS /api/auth/logout-feedback/ HTTP/1.1" 200 0
[20/Apr/2026 16:46:13] "POST /api/auth/logout-feedback/ HTTP/1.1" 201 41
[20/Apr/2026 16:46:24] "OPTIONS /api/auth/otp/email/send/ HTTP/1.1" 200 0
[20/Apr/2026 16:46:30] "POST /api/auth/otp/email/send/ HTTP/1.1" 200 38
[20/Apr/2026 16:46:56] "OPTIONS /api/auth/otp/email/verify/ HTTP/1.1" 200 0
[20/Apr/2026 16:46:57] "POST /api/auth/otp/email/verify/ HTTP/1.1" 200 135
[20/Apr/2026 16:46:57] "GET /api/auth/me/ HTTP/1.1" 200 75
[20/Apr/2026 16:46:57] "GET /api/auth/me/ HTTP/1.1" 200 75
[20/Apr/2026 16:46:57] "GET /api/chat/call-config/ HTTP/1.1" 200 91
[20/Apr/2026 16:46:57] "GET /api/chat/call-config/ HTTP/1.1" 200 91
[20/Apr/2026 16:46:57] "GET /api/chat/history/ HTTP/1.1" 200 4117
[20/Apr/2026 16:46:57] "GET /api/chat/history/ HTTP/1.1" 200 4117
[20/Apr/2026 16:46:57] "GET /media/chat_images/amoxicillin_qGhFd7B.png HTTP/1.1" 304 0
[20/Apr/2026 16:47:21] "POST /admin/login/?next=/admin/ HTTP/1.1" 302 0
[20/Apr/2026 16:47:21] "GET /admin/ HTTP/1.1" 200 10339
[20/Apr/2026 16:47:21] "GET /static/admin/css/ann_d_admin.css HTTP/1.1" 304 0
[20/Apr/2026 16:51:43] "GET /api/chat/call-config/ HTTP/1.1" 200 91
[20/Apr/2026 16:51:43] "GET /api/chat/history/ HTTP/1.1" 200 4117
[20/Apr/2026 16:52:52] "GET /api/chat/call-config/ HTTP/1.1" 200 91
[20/Apr/2026 16:52:52] "GET /api/chat/history/ HTTP/1.1" 200 4117
[20/Apr/2026 16:54:19] "GET /api/auth/me/ HTTP/1.1" 200 75
[20/Apr/2026 16:54:19] "GET /api/auth/me/ HTTP/1.1" 200 75
[20/Apr/2026 16:54:19] "GET /api/chat/call-config/ HTTP/1.1" 200 91
[20/Apr/2026 16:54:19] "GET /api/chat/history/ HTTP/1.1" 200 4117
[20/Apr/2026 16:54:19] "GET /api/chat/history/ HTTP/1.1" 200 4117
[20/Apr/2026 16:54:19] "GET /api/chat/call-config/ HTTP/1.1" 200 91
[20/Apr/2026 16:59:13] "GET /api/auth/me/ HTTP/1.1" 200 75
[20/Apr/2026 16:59:13] "GET /api/auth/me/ HTTP/1.1" 200 75
[20/Apr/2026 16:59:13] "GET /api/chat/call-config/ HTTP/1.1" 200 91
[20/Apr/2026 16:59:13] "GET /api/chat/history/ HTTP/1.1" 200 4117
[20/Apr/2026 16:59:13] "GET /api/chat/call-config/ HTTP/1.1" 200 91
[20/Apr/2026 16:59:13] "GET /api/chat/history/ HTTP/1.1" 200 4117
