Watching for file changes with StatReloader
[22/Apr/2026 14:17:05] "GET / HTTP/1.1" 200 44
[22/Apr/2026 14:17:05,499] - Broken pipe from ('127.0.0.1', 58473)
[22/Apr/2026 14:17:47] "GET / HTTP/1.1" 200 44
Not Found: /favicon.ico
[22/Apr/2026 14:17:48] "GET /favicon.ico HTTP/1.1" 404 2824
[22/Apr/2026 14:18:04] "OPTIONS /api/auth/me/ HTTP/1.1" 200 0
[22/Apr/2026 14:18:04] "OPTIONS /api/auth/me/ HTTP/1.1" 200 0
[22/Apr/2026 14:18:04] "GET /api/auth/me/ HTTP/1.1" 200 75
[22/Apr/2026 14:18:04] "GET /api/auth/me/ HTTP/1.1" 200 75
[22/Apr/2026 14:18:09] "OPTIONS /api/chat/call-config/ HTTP/1.1" 200 0
[22/Apr/2026 14:18:09] "OPTIONS /api/chat/history/ HTTP/1.1" 200 0
[22/Apr/2026 14:18:09] "OPTIONS /api/chat/history/ HTTP/1.1" 200 0
[22/Apr/2026 14:18:09] "GET /api/chat/call-config/ HTTP/1.1" 200 91
[22/Apr/2026 14:18:09] "GET /api/chat/call-config/ HTTP/1.1" 200 91
[22/Apr/2026 14:18:09] "GET /api/chat/history/ HTTP/1.1" 200 4117
[22/Apr/2026 14:18:09] "GET /api/chat/history/ HTTP/1.1" 200 4117
[22/Apr/2026 14:18:09] "GET /media/chat_images/amoxicillin_qGhFd7B.png HTTP/1.1" 304 0
[22/Apr/2026 15:36:27] "GET / HTTP/1.1" 200 44
[22/Apr/2026 15:36:27,276] - Broken pipe from ('127.0.0.1', 58613)
[22/Apr/2026 15:39:33] "GET /api/auth/me/ HTTP/1.1" 200 75
[22/Apr/2026 15:39:33] "GET /api/auth/me/ HTTP/1.1" 200 75
[22/Apr/2026 15:39:36] "GET /api/chat/call-config/ HTTP/1.1" 200 91
[22/Apr/2026 15:39:36] "GET /api/chat/history/ HTTP/1.1" 200 4117
[22/Apr/2026 15:39:36] "GET /api/chat/call-config/ HTTP/1.1" 200 91
[22/Apr/2026 15:39:36] "GET /api/chat/history/ HTTP/1.1" 200 4117
[22/Apr/2026 15:45:51] "GET /api/auth/me/ HTTP/1.1" 200 75
[22/Apr/2026 15:45:51] "GET /api/auth/me/ HTTP/1.1" 200 75
[22/Apr/2026 15:45:51] "GET /api/chat/call-config/ HTTP/1.1" 200 91
[22/Apr/2026 15:45:51] "GET /api/chat/history/ HTTP/1.1" 200 4117
[22/Apr/2026 15:45:51] "GET /api/chat/call-config/ HTTP/1.1" 200 91
[22/Apr/2026 15:45:51] "GET /api/chat/history/ HTTP/1.1" 200 4117
[22/Apr/2026 15:45:56] "GET /api/chat/call-config/ HTTP/1.1" 200 91
[22/Apr/2026 15:45:56] "GET /api/chat/history/ HTTP/1.1" 200 4117
[22/Apr/2026 15:45:56] "GET /api/chat/call-config/ HTTP/1.1" 200 91
[22/Apr/2026 15:45:56] "GET /api/chat/history/ HTTP/1.1" 200 4117
[22/Apr/2026 15:50:13] "GET /api/auth/me/ HTTP/1.1" 200 75
[22/Apr/2026 15:50:13] "GET /api/auth/me/ HTTP/1.1" 200 75
[22/Apr/2026 15:50:13] "GET /api/auth/me/ HTTP/1.1" 200 75
[22/Apr/2026 15:50:13] "GET /api/auth/me/ HTTP/1.1" 200 75
[22/Apr/2026 15:50:13] "GET /api/chat/history/ HTTP/1.1" 200 4117
[22/Apr/2026 15:50:13] "GET /api/chat/call-config/ HTTP/1.1" 200 91
[22/Apr/2026 15:50:13] "GET /api/chat/call-config/ HTTP/1.1" 200 91
[22/Apr/2026 15:50:13] "GET /api/chat/history/ HTTP/1.1" 200 4117
[22/Apr/2026 15:51:32] "GET /api/chat/call-config/ HTTP/1.1" 200 91
[22/Apr/2026 15:51:32] "GET /api/chat/history/ HTTP/1.1" 200 4117
[22/Apr/2026 15:51:32] "GET /api/chat/call-config/ HTTP/1.1" 200 91
[22/Apr/2026 15:51:32] "GET /api/chat/history/ HTTP/1.1" 200 4117
[22/Apr/2026 15:52:55] "GET /api/chat/history/ HTTP/1.1" 200 4117
[22/Apr/2026 15:52:55] "GET /api/chat/history/ HTTP/1.1" 200 4117
[22/Apr/2026 15:52:59] "GET /api/chat/call-config/ HTTP/1.1" 200 91
[22/Apr/2026 15:52:59] "GET /api/chat/history/ HTTP/1.1" 200 4117
[22/Apr/2026 15:52:59] "GET /api/chat/call-config/ HTTP/1.1" 200 91
[22/Apr/2026 15:52:59] "GET /api/chat/history/ HTTP/1.1" 200 4117
[22/Apr/2026 15:55:03] "GET /api/chat/call-config/ HTTP/1.1" 200 91
[22/Apr/2026 15:55:03] "GET /api/chat/history/ HTTP/1.1" 200 4117
[22/Apr/2026 15:56:53] "GET /api/chat/history/ HTTP/1.1" 200 4117
[22/Apr/2026 15:56:53] "GET /api/chat/call-config/ HTTP/1.1" 200 91
[22/Apr/2026 15:58:10] "GET /api/chat/call-config/ HTTP/1.1" 200 91
[22/Apr/2026 15:58:10] "GET /api/chat/history/ HTTP/1.1" 200 4117
[22/Apr/2026 16:05:53] "GET /api/chat/call-config/ HTTP/1.1" 200 91
[22/Apr/2026 16:05:53] "GET /api/chat/history/ HTTP/1.1" 200 4117
[22/Apr/2026 16:05:53] "GET /api/chat/call-config/ HTTP/1.1" 200 91
[22/Apr/2026 16:05:53] "GET /api/chat/history/ HTTP/1.1" 200 4117
[22/Apr/2026 16:09:03] "GET /api/chat/call-config/ HTTP/1.1" 200 91
[22/Apr/2026 16:09:03] "GET /api/chat/history/ HTTP/1.1" 200 4117
[22/Apr/2026 16:09:03] "GET /api/chat/call-config/ HTTP/1.1" 200 91
[22/Apr/2026 16:09:03] "GET /api/chat/history/ HTTP/1.1" 200 4117
[22/Apr/2026 16:09:25] "GET /api/auth/me/ HTTP/1.1" 200 75
[22/Apr/2026 16:09:25] "GET /api/auth/me/ HTTP/1.1" 200 75
[22/Apr/2026 16:09:25] "GET /api/chat/call-config/ HTTP/1.1" 200 91
[22/Apr/2026 16:09:25] "GET /api/chat/history/ HTTP/1.1" 200 4117
[22/Apr/2026 16:09:25] "GET /api/chat/call-config/ HTTP/1.1" 200 91
[22/Apr/2026 16:09:25] "GET /api/chat/history/ HTTP/1.1" 200 4117
[22/Apr/2026 16:11:22] "GET /api/auth/me/ HTTP/1.1" 200 75
[22/Apr/2026 16:11:22] "GET /api/auth/me/ HTTP/1.1" 200 75
[22/Apr/2026 16:11:22] "GET /api/chat/call-config/ HTTP/1.1" 200 91
[22/Apr/2026 16:11:22] "GET /api/chat/history/ HTTP/1.1" 200 4117
[22/Apr/2026 16:11:22] "GET /api/chat/call-config/ HTTP/1.1" 200 91
[22/Apr/2026 16:11:22] "GET /api/chat/history/ HTTP/1.1" 200 4117
[22/Apr/2026 16:11:32] "GET /api/chat/call-config/ HTTP/1.1" 200 91
[22/Apr/2026 16:11:32] "GET /api/chat/history/ HTTP/1.1" 200 4117
[22/Apr/2026 16:13:13] "GET /api/auth/me/ HTTP/1.1" 200 75
[22/Apr/2026 16:13:13] "GET /api/auth/me/ HTTP/1.1" 200 75
[22/Apr/2026 16:13:13] "GET /api/chat/history/ HTTP/1.1" 200 4117
[22/Apr/2026 16:13:13] "GET /api/chat/call-config/ HTTP/1.1" 200 91
[22/Apr/2026 16:13:13] "GET /api/chat/call-config/ HTTP/1.1" 200 91
[22/Apr/2026 16:13:13] "GET /api/chat/history/ HTTP/1.1" 200 4117
[22/Apr/2026 16:14:46] "GET /api/chat/history/ HTTP/1.1" 200 4117
[22/Apr/2026 16:14:46] "GET /api/chat/call-config/ HTTP/1.1" 200 91
[22/Apr/2026 16:14:46] "GET /api/chat/call-config/ HTTP/1.1" 200 91
[22/Apr/2026 16:14:46] "GET /api/chat/history/ HTTP/1.1" 200 4117
[22/Apr/2026 16:16:26] "GET /api/chat/call-config/ HTTP/1.1" 200 91
[22/Apr/2026 16:16:26] "GET /api/chat/history/ HTTP/1.1" 200 4117
[22/Apr/2026 16:16:26] "GET /api/chat/call-config/ HTTP/1.1" 200 91
[22/Apr/2026 16:16:26] "GET /api/chat/history/ HTTP/1.1" 200 4117
[22/Apr/2026 16:18:02] "GET /api/chat/history/ HTTP/1.1" 200 4117
[22/Apr/2026 16:18:02] "GET /api/chat/call-config/ HTTP/1.1" 200 91
[22/Apr/2026 16:19:49] "OPTIONS /api/chat/history/ HTTP/1.1" 200 0
[22/Apr/2026 16:19:49] "OPTIONS /api/chat/call-config/ HTTP/1.1" 200 0
[22/Apr/2026 16:19:49] "GET /api/chat/call-config/ HTTP/1.1" 200 91
[22/Apr/2026 16:19:49] "GET /api/chat/history/ HTTP/1.1" 200 4117
[22/Apr/2026 16:35:11] "GET /api/chat/call-config/ HTTP/1.1" 200 91
[22/Apr/2026 16:35:11] "GET /api/chat/history/ HTTP/1.1" 200 4117
[22/Apr/2026 16:39:05] "GET /api/chat/call-config/ HTTP/1.1" 200 91
[22/Apr/2026 16:39:05] "GET /api/chat/history/ HTTP/1.1" 200 4117
[22/Apr/2026 16:40:48] "GET /api/chat/call-config/ HTTP/1.1" 200 91
[22/Apr/2026 16:40:48] "GET /api/chat/history/ HTTP/1.1" 200 4117
[22/Apr/2026 16:41:33] "GET /api/chat/call-config/ HTTP/1.1" 200 91
[22/Apr/2026 16:41:33] "GET /api/chat/history/ HTTP/1.1" 200 4117
[22/Apr/2026 16:43:14] "GET /api/chat/call-config/ HTTP/1.1" 200 91
[22/Apr/2026 16:43:14] "GET /api/chat/history/ HTTP/1.1" 200 4117
[22/Apr/2026 16:46:22] "GET /api/chat/call-config/ HTTP/1.1" 200 91
[22/Apr/2026 16:46:22] "GET /api/chat/history/ HTTP/1.1" 200 4117
[22/Apr/2026 16:48:05] "OPTIONS /api/auth/me/ HTTP/1.1" 200 0
[22/Apr/2026 16:48:05] "OPTIONS /api/auth/me/ HTTP/1.1" 200 0
[22/Apr/2026 16:48:05] "GET /api/auth/me/ HTTP/1.1" 200 75
[22/Apr/2026 16:48:05] "GET /api/auth/me/ HTTP/1.1" 200 75
[22/Apr/2026 16:48:05] "GET /api/chat/call-config/ HTTP/1.1" 200 91
[22/Apr/2026 16:48:06] "GET /api/chat/history/ HTTP/1.1" 200 4117
[22/Apr/2026 16:48:06] "GET /api/chat/call-config/ HTTP/1.1" 200 91
[22/Apr/2026 16:48:06] "GET /api/chat/history/ HTTP/1.1" 200 4117
[22/Apr/2026 16:53:07] "GET /api/auth/me/ HTTP/1.1" 200 75
[22/Apr/2026 16:53:07] "GET /api/auth/me/ HTTP/1.1" 200 75
[22/Apr/2026 16:53:07] "GET /api/chat/call-config/ HTTP/1.1" 200 91
[22/Apr/2026 16:53:07] "GET /api/chat/history/ HTTP/1.1" 200 4117
[22/Apr/2026 16:53:07] "GET /api/chat/call-config/ HTTP/1.1" 200 91
[22/Apr/2026 16:53:07] "GET /api/chat/history/ HTTP/1.1" 200 4117
[22/Apr/2026 16:57:35] "GET /api/auth/me/ HTTP/1.1" 200 75
[22/Apr/2026 16:57:35] "GET /api/auth/me/ HTTP/1.1" 200 75
[22/Apr/2026 16:57:35] "GET /api/chat/call-config/ HTTP/1.1" 200 91
[22/Apr/2026 16:57:35] "GET /api/chat/history/ HTTP/1.1" 200 4117
[22/Apr/2026 16:57:35] "GET /api/chat/call-config/ HTTP/1.1" 200 91
[22/Apr/2026 16:57:35] "GET /api/chat/history/ HTTP/1.1" 200 4117
[22/Apr/2026 17:01:48] "GET /api/chat/history/ HTTP/1.1" 200 4117
[22/Apr/2026 17:01:48] "GET /api/chat/history/ HTTP/1.1" 200 4117
[22/Apr/2026 17:01:52] "GET /api/chat/call-config/ HTTP/1.1" 200 91
[22/Apr/2026 17:01:52] "GET /api/chat/history/ HTTP/1.1" 200 4117
[22/Apr/2026 17:01:52] "GET /api/chat/call-config/ HTTP/1.1" 200 91
[22/Apr/2026 17:01:52] "GET /api/chat/history/ HTTP/1.1" 200 4117
[22/Apr/2026 17:04:39] "GET /api/auth/me/ HTTP/1.1" 200 75
[22/Apr/2026 17:04:39] "GET /api/auth/me/ HTTP/1.1" 200 75
[22/Apr/2026 17:04:39] "GET /api/chat/history/ HTTP/1.1" 200 4117
[22/Apr/2026 17:04:39] "GET /api/chat/call-config/ HTTP/1.1" 200 91
[22/Apr/2026 17:04:39] "GET /api/chat/call-config/ HTTP/1.1" 200 91
[22/Apr/2026 17:04:39] "GET /api/chat/history/ HTTP/1.1" 200 4117
[22/Apr/2026 17:08:00] "GET /api/chat/call-config/ HTTP/1.1" 200 91
[22/Apr/2026 17:08:00] "GET /api/chat/history/ HTTP/1.1" 200 4117
[22/Apr/2026 17:10:49] "GET /api/chat/call-config/ HTTP/1.1" 200 91
[22/Apr/2026 17:10:49] "GET /api/chat/history/ HTTP/1.1" 200 4117
[22/Apr/2026 17:10:49] "GET /api/chat/call-config/ HTTP/1.1" 200 91
[22/Apr/2026 17:10:49] "GET /api/chat/history/ HTTP/1.1" 200 4117
[22/Apr/2026 17:12:43] "OPTIONS /api/auth/otp/email/send/ HTTP/1.1" 200 0
[22/Apr/2026 17:12:48] "POST /api/auth/otp/email/send/ HTTP/1.1" 200 38
[22/Apr/2026 17:13:05] "OPTIONS /api/auth/otp/email/verify/ HTTP/1.1" 200 0
[22/Apr/2026 17:13:05] "POST /api/auth/otp/email/verify/ HTTP/1.1" 200 135
[22/Apr/2026 17:15:18] "POST /api/auth/otp/email/send/ HTTP/1.1" 200 38
Bad Request: /api/auth/otp/email/verify/
[22/Apr/2026 17:16:22] "POST /api/auth/otp/email/verify/ HTTP/1.1" 400 40
[22/Apr/2026 17:16:30] "POST /api/auth/otp/email/send/ HTTP/1.1" 200 38
[22/Apr/2026 17:17:05] "GET /api/auth/me/ HTTP/1.1" 200 75
[22/Apr/2026 17:17:06] "GET /api/auth/me/ HTTP/1.1" 200 75
[22/Apr/2026 17:52:22] "GET /api/auth/me/ HTTP/1.1" 200 75
[22/Apr/2026 17:52:22] "GET /api/auth/me/ HTTP/1.1" 200 75
[22/Apr/2026 17:52:59] "GET /api/chat/call-config/ HTTP/1.1" 200 91
[22/Apr/2026 17:52:59] "GET /api/chat/history/ HTTP/1.1" 200 4117
[22/Apr/2026 17:52:59] "GET /api/chat/call-config/ HTTP/1.1" 200 91
[22/Apr/2026 17:52:59] "GET /api/chat/history/ HTTP/1.1" 200 4117
[22/Apr/2026 17:55:20] "GET /api/chat/call-config/ HTTP/1.1" 200 91
[22/Apr/2026 17:55:20] "GET /api/chat/history/ HTTP/1.1" 200 4117
[22/Apr/2026 18:00:17] "POST /api/auth/otp/email/send/ HTTP/1.1" 200 38
[22/Apr/2026 18:00:38] "POST /api/auth/otp/email/verify/ HTTP/1.1" 200 135
[22/Apr/2026 18:01:01] "OPTIONS /api/auth/register/ HTTP/1.1" 200 0
Bad Request: /api/auth/register/
[22/Apr/2026 18:01:01] "POST /api/auth/register/ HTTP/1.1" 400 50
[22/Apr/2026 18:04:27] "GET /api/chat/history/ HTTP/1.1" 200 4117
[22/Apr/2026 18:04:27] "GET /api/chat/call-config/ HTTP/1.1" 200 91
[22/Apr/2026 18:04:27] "GET /api/chat/history/ HTTP/1.1" 200 4117
[22/Apr/2026 18:04:27] "GET /api/chat/call-config/ HTTP/1.1" 200 91
[22/Apr/2026 18:07:17] "GET / HTTP/1.1" 200 44
[22/Apr/2026 18:07:38] "GET /admin/ HTTP/1.1" 200 10339
[22/Apr/2026 18:07:38] "GET /static/admin/css/ann_d_admin.css HTTP/1.1" 304 0
[22/Apr/2026 18:07:42] "POST /admin/logout/ HTTP/1.1" 200 2983
[22/Apr/2026 18:07:44] "GET /admin/ HTTP/1.1" 302 0
[22/Apr/2026 18:07:44] "GET /admin/login/?next=/admin/ HTTP/1.1" 200 3585
[22/Apr/2026 18:10:29] "GET /admin/login/?next=/admin/ HTTP/1.1" 200 3585
[22/Apr/2026 18:14:52] "GET /admin/login/?next=/admin/ HTTP/1.1" 200 3605
[22/Apr/2026 18:14:53] "GET /static/admin/css/ann_d_admin.css?v=20260422-edgefix2 HTTP/1.1" 200 6412
[22/Apr/2026 18:15:03] "POST /admin/login/?next=/admin/ HTTP/1.1" 302 0
[22/Apr/2026 18:15:03] "GET /admin/ HTTP/1.1" 200 10359
[22/Apr/2026 18:15:03] "GET /static/admin/css/ann_d_admin.css?v=20260422-edgefix2 HTTP/1.1" 304 0
[22/Apr/2026 18:15:07] "GET /admin/accounts/user/ HTTP/1.1" 200 13986
[22/Apr/2026 18:15:07] "GET /static/admin/css/ann_d_admin.css?v=20260422-edgefix2 HTTP/1.1" 304 0
[22/Apr/2026 18:15:07] "GET /admin/jsi18n/ HTTP/1.1" 200 3342
[22/Apr/2026 18:15:22] "GET /admin/accounts/logoutfeedback/ HTTP/1.1" 200 15153
[22/Apr/2026 18:15:22] "GET /static/admin/css/ann_d_admin.css?v=20260422-edgefix2 HTTP/1.1" 304 0
[22/Apr/2026 18:15:22] "GET /admin/jsi18n/ HTTP/1.1" 200 3342
[22/Apr/2026 18:15:22] "GET /static/admin/img/sorting-icons.svg HTTP/1.1" 200 1097
[22/Apr/2026 18:15:22] "GET /static/admin/img/icon-viewlink.svg HTTP/1.1" 200 581
[22/Apr/2026 18:15:25] "GET /admin/authtoken/tokenproxy/ HTTP/1.1" 200 12441
[22/Apr/2026 18:15:28] "GET /admin/auth/group/ HTTP/1.1" 200 11105
[22/Apr/2026 18:15:28] "GET /static/admin/css/ann_d_admin.css?v=20260422-edgefix2 HTTP/1.1" 304 0
[22/Apr/2026 18:15:28] "GET /admin/jsi18n/ HTTP/1.1" 200 3342
[22/Apr/2026 18:17:25] "GET /api/chat/history/ HTTP/1.1" 200 4117
[22/Apr/2026 18:17:25] "GET /api/chat/call-config/ HTTP/1.1" 200 91
[22/Apr/2026 18:23:08] "OPTIONS /api/chat/history/ HTTP/1.1" 200 0
[22/Apr/2026 18:23:08] "OPTIONS /api/chat/call-config/ HTTP/1.1" 200 0
[22/Apr/2026 18:23:08] "GET /api/chat/call-config/ HTTP/1.1" 200 91
[22/Apr/2026 18:23:08] "GET /api/chat/history/ HTTP/1.1" 200 4117
[22/Apr/2026 18:28:36] "GET /api/auth/me/ HTTP/1.1" 200 75
[22/Apr/2026 18:28:36] "GET /api/auth/me/ HTTP/1.1" 200 75
[22/Apr/2026 18:28:36] "GET /api/chat/call-config/ HTTP/1.1" 200 91
[22/Apr/2026 18:28:36] "GET /api/chat/history/ HTTP/1.1" 200 4117
[22/Apr/2026 18:28:37] "GET /api/chat/call-config/ HTTP/1.1" 200 91
[22/Apr/2026 18:28:37] "GET /api/chat/history/ HTTP/1.1" 200 4117
[22/Apr/2026 18:31:31] "GET /api/chat/call-config/ HTTP/1.1" 200 91
[22/Apr/2026 18:31:31] "GET /api/chat/history/ HTTP/1.1" 200 4117
[22/Apr/2026 18:32:54] "OPTIONS /api/chat/message/ HTTP/1.1" 200 0
[22/Apr/2026 18:32:57] "POST /api/chat/message/ HTTP/1.1" 200 1084
[22/Apr/2026 18:33:00] "OPTIONS /api/chat/severity/ HTTP/1.1" 200 0
[22/Apr/2026 18:33:01] "POST /api/chat/severity/ HTTP/1.1" 200 1603
[22/Apr/2026 18:33:59] "POST /api/chat/message/ HTTP/1.1" 200 1092
[22/Apr/2026 18:34:05] "POST /api/chat/severity/ HTTP/1.1" 200 1390
[22/Apr/2026 18:38:39] "POST /api/chat/message/ HTTP/1.1" 200 800
[22/Apr/2026 18:38:43] "POST /api/chat/severity/ HTTP/1.1" 200 1186
[22/Apr/2026 18:45:57] "GET /api/auth/me/ HTTP/1.1" 200 75
[22/Apr/2026 18:45:57] "GET /api/auth/me/ HTTP/1.1" 200 75
[22/Apr/2026 18:45:57] "GET /api/chat/call-config/ HTTP/1.1" 200 91
[22/Apr/2026 18:45:57] "GET /api/chat/history/ HTTP/1.1" 200 6343
[22/Apr/2026 18:45:57] "GET /api/chat/call-config/ HTTP/1.1" 200 91
[22/Apr/2026 18:45:57] "GET /api/chat/history/ HTTP/1.1" 200 6343
[22/Apr/2026 18:53:39] "GET /api/chat/call-config/ HTTP/1.1" 200 91
[22/Apr/2026 18:53:39] "GET /api/chat/history/ HTTP/1.1" 200 6343
[22/Apr/2026 18:53:39] "GET /api/chat/call-config/ HTTP/1.1" 200 91
[22/Apr/2026 18:53:39] "GET /api/chat/history/ HTTP/1.1" 200 6343
[22/Apr/2026 18:56:29] "OPTIONS /api/auth/me/ HTTP/1.1" 200 0
[22/Apr/2026 18:56:30] "OPTIONS /api/auth/me/ HTTP/1.1" 200 0
[22/Apr/2026 18:56:30] "GET /api/auth/me/ HTTP/1.1" 200 75
[22/Apr/2026 18:56:30] "GET /api/auth/me/ HTTP/1.1" 200 75
[22/Apr/2026 18:56:30] "GET /api/chat/history/ HTTP/1.1" 200 6343
[22/Apr/2026 18:56:30] "GET /api/chat/call-config/ HTTP/1.1" 200 91
[22/Apr/2026 18:56:30] "GET /api/chat/call-config/ HTTP/1.1" 200 91
[22/Apr/2026 18:56:30] "GET /api/chat/history/ HTTP/1.1" 200 6343
[22/Apr/2026 18:58:09] "GET /api/auth/me/ HTTP/1.1" 200 75
[22/Apr/2026 18:58:09] "GET /api/auth/me/ HTTP/1.1" 200 75
[22/Apr/2026 18:58:10] "GET /api/chat/call-config/ HTTP/1.1" 200 91
[22/Apr/2026 18:58:10] "GET /api/chat/history/ HTTP/1.1" 200 6343
[22/Apr/2026 18:58:10] "GET /api/chat/call-config/ HTTP/1.1" 200 91
[22/Apr/2026 18:58:10] "GET /api/chat/history/ HTTP/1.1" 200 6343
[22/Apr/2026 18:59:43] "GET /api/chat/call-config/ HTTP/1.1" 200 91
[22/Apr/2026 18:59:43] "GET /api/chat/history/ HTTP/1.1" 200 6343
[22/Apr/2026 18:59:43] "GET /api/chat/call-config/ HTTP/1.1" 200 91
[22/Apr/2026 18:59:43] "GET /api/chat/history/ HTTP/1.1" 200 6343
[22/Apr/2026 19:00:33] "GET /api/auth/me/ HTTP/1.1" 200 75
[22/Apr/2026 19:00:33] "GET /api/auth/me/ HTTP/1.1" 200 75
[22/Apr/2026 19:00:33] "GET /api/chat/call-config/ HTTP/1.1" 200 91
[22/Apr/2026 19:00:33] "GET /api/chat/history/ HTTP/1.1" 200 6343
[22/Apr/2026 19:00:33] "GET /api/chat/call-config/ HTTP/1.1" 200 91
[22/Apr/2026 19:00:33] "GET /api/chat/history/ HTTP/1.1" 200 6343
[22/Apr/2026 19:02:25] "GET /api/chat/history/ HTTP/1.1" 200 6343
[22/Apr/2026 19:02:25] "GET /api/chat/call-config/ HTTP/1.1" 200 91
[22/Apr/2026 19:02:25] "GET /api/chat/history/ HTTP/1.1" 200 6343
[22/Apr/2026 19:02:25] "GET /api/chat/call-config/ HTTP/1.1" 200 91
[22/Apr/2026 19:07:41] "GET /admin/auth/group/ HTTP/1.1" 200 11105
[22/Apr/2026 19:07:46] "POST /admin/logout/ HTTP/1.1" 200 3003
[22/Apr/2026 19:07:46] "GET /static/admin/css/ann_d_admin.css?v=20260422-edgefix2 HTTP/1.1" 304 0
[22/Apr/2026 19:07:50] "GET /admin/ HTTP/1.1" 302 0
[22/Apr/2026 19:07:50] "GET /admin/login/?next=/admin/ HTTP/1.1" 200 3605
[22/Apr/2026 19:26:43] "OPTIONS /api/chat/image-auto/ HTTP/1.1" 200 0
[22/Apr/2026 19:27:36] "POST /api/chat/image-auto/ HTTP/1.1" 200 899
[22/Apr/2026 19:28:59] "POST /api/chat/image-auto/ HTTP/1.1" 200 898
[22/Apr/2026 19:29:55] "POST /api/chat/message/ HTTP/1.1" 200 1839
[22/Apr/2026 19:29:55] "OPTIONS /api/chat/tts/ HTTP/1.1" 200 0
[22/Apr/2026 19:29:59] "POST /api/chat/tts/ HTTP/1.1" 200 74496
[22/Apr/2026 19:30:13] "POST /api/chat/severity/ HTTP/1.1" 200 5770
[22/Apr/2026 19:30:53] "POST /api/chat/tts/ HTTP/1.1" 200 733440
[22/Apr/2026 19:32:38] "GET /api/chat/history/ HTTP/1.1" 200 10145
[22/Apr/2026 19:32:38] "GET /api/chat/history/ HTTP/1.1" 200 10145
[22/Apr/2026 19:32:43] "GET /api/chat/history/ HTTP/1.1" 200 10145
[22/Apr/2026 19:32:43] "GET /api/chat/call-config/ HTTP/1.1" 200 91
[22/Apr/2026 19:32:43] "GET /api/chat/call-config/ HTTP/1.1" 200 91
[22/Apr/2026 19:32:43] "GET /api/chat/history/ HTTP/1.1" 200 10145
[22/Apr/2026 19:32:43] "GET /media/chat_images/amoxicillin_qGhFd7B.png HTTP/1.1" 304 0
[22/Apr/2026 19:32:43] "GET /media/chat_images/antacid.jpg HTTP/1.1" 200 27143
[22/Apr/2026 19:32:43] "GET /media/chat_images/tramadol.jpg HTTP/1.1" 200 74114
[22/Apr/2026 19:33:39] "GET /api/chat/call-config/ HTTP/1.1" 200 91
[22/Apr/2026 19:33:39] "GET /api/chat/history/ HTTP/1.1" 200 10145
[22/Apr/2026 19:33:39] "GET /api/chat/call-config/ HTTP/1.1" 200 91
[22/Apr/2026 19:33:39] "GET /api/chat/history/ HTTP/1.1" 200 10145
[22/Apr/2026 19:34:22] "OPTIONS /api/auth/otp/email/send/ HTTP/1.1" 200 0
C:\Users\Hp\chatbot\backend\venv\Lib\site-packages\django\core\cache\backends\base.py:118: CacheKeyWarning: Cache key contains characters that will cause errors if used with memcached: ':1:otp:email:pallavipv200601@gmail. com'
  warnings.warn(warning, CacheKeyWarning)
[22/Apr/2026 19:34:29] "POST /api/auth/otp/email/send/ HTTP/1.1" 200 38
[22/Apr/2026 19:35:02] "OPTIONS /api/auth/otp/email/verify/ HTTP/1.1" 200 0
[22/Apr/2026 19:35:03] "POST /api/auth/otp/email/verify/ HTTP/1.1" 200 150
Bad Request: /api/auth/register/
[22/Apr/2026 19:35:25] "POST /api/auth/register/ HTTP/1.1" 400 81
[22/Apr/2026 19:35:52] "GET /api/chat/call-config/ HTTP/1.1" 200 91
[22/Apr/2026 19:35:52] "GET /api/chat/call-config/ HTTP/1.1" 200 91
[22/Apr/2026 19:35:52] "GET /api/chat/history/ HTTP/1.1" 200 10145
[22/Apr/2026 19:35:52] "GET /api/chat/history/ HTTP/1.1" 200 10145
[22/Apr/2026 19:35:52] "GET /media/chat_images/antacid.jpg HTTP/1.1" 304 0
[22/Apr/2026 19:35:52] "GET /media/chat_images/tramadol.jpg HTTP/1.1" 304 0
[22/Apr/2026 19:39:04] "GET /api/chat/history/ HTTP/1.1" 200 10145
[22/Apr/2026 19:39:04] "GET /api/chat/history/ HTTP/1.1" 200 10145
[22/Apr/2026 19:39:10] "GET /api/chat/history/ HTTP/1.1" 200 10145
[22/Apr/2026 19:39:10] "GET /api/chat/call-config/ HTTP/1.1" 200 91
[22/Apr/2026 19:39:10] "GET /api/chat/history/ HTTP/1.1" 200 10145
[22/Apr/2026 19:39:10] "GET /api/chat/call-config/ HTTP/1.1" 200 91
[22/Apr/2026 19:39:10] "GET /media/chat_images/tramadol.jpg HTTP/1.1" 304 0
[22/Apr/2026 19:39:10] "GET /media/chat_images/antacid.jpg HTTP/1.1" 304 0
[22/Apr/2026 19:39:15] "GET /api/chat/history/ HTTP/1.1" 200 10145
[22/Apr/2026 19:39:15] "GET /api/chat/history/ HTTP/1.1" 200 10145
[22/Apr/2026 19:40:04] "OPTIONS /api/auth/logout-feedback/ HTTP/1.1" 200 0
[22/Apr/2026 19:40:04] "POST /api/auth/logout-feedback/ HTTP/1.1" 201 41
[22/Apr/2026 19:40:27] "OPTIONS /api/auth/otp/mobile/send/ HTTP/1.1" 200 0
[22/Apr/2026 19:40:27] "POST /api/auth/otp/mobile/send/ HTTP/1.1" 200 59
[22/Apr/2026 19:48:42] "POST /api/auth/otp/email/send/ HTTP/1.1" 200 38
Bad Request: /api/auth/otp/email/verify/
[22/Apr/2026 19:49:46] "POST /api/auth/otp/email/verify/ HTTP/1.1" 400 40
[22/Apr/2026 19:49:56] "POST /api/auth/otp/email/send/ HTTP/1.1" 200 38
[22/Apr/2026 19:50:09] "POST /api/auth/otp/email/verify/ HTTP/1.1" 200 150
Bad Request: /api/auth/register/
[22/Apr/2026 19:50:37] "POST /api/auth/register/ HTTP/1.1" 400 81
C:\Users\Hp\chatbot\backend\apps\accounts\otp.py changed, reloading.
Watching for file changes with StatReloader
C:\Users\Hp\chatbot\backend\apps\accounts\serializers.py changed, reloading.
Watching for file changes with StatReloader
C:\Users\Hp\chatbot\backend\apps\accounts\serializers.py changed, reloading.
Watching for file changes with StatReloader
C:\Users\Hp\chatbot\backend\apps\accounts\otp.py changed, reloading.
Watching for file changes with StatReloader
